"../../../Engine/Content/EditorResources/S_Actor.uasset" 0
"../../../Engine/Content/EditorResources/S_Actor.ubulk" 1
"../../../Engine/Content/EditorResources/S_Actor.uexp" 2
"../../../Engine/Content/EditorResources/S_BoxReflectionCapture.uasset" 3
"../../../Engine/Content/EditorResources/S_BoxReflectionCapture.uexp" 4
"../../../Engine/Content/EngineResources/DefaultTexture.uasset" 5
"../../../Engine/Content/EngineResources/DefaultTexture.ubulk" 6
"../../../Engine/Content/EngineResources/DefaultTexture.uexp" 7
"../../../Engine/Content/EngineResources/DefaultTextureCube.uasset" 8
"../../../Engine/Content/EngineResources/DefaultTextureCube.uexp" 9
"../../../Engine/Content/EngineResources/DefaultVolumeTexture2D.uasset" 10
"../../../Engine/Content/EngineResources/DefaultVolumeTexture2D.uexp" 11
"../../../Engine/Content/EngineResources/DefaultVolumeTexture.uasset" 12
"../../../Engine/Content/EngineResources/DefaultVolumeTexture.uexp" 13
"../../../Engine/Content/EditorResources/S_Trigger.uasset" 14
"../../../Engine/Content/EditorResources/S_Trigger.ubulk" 15
"../../../Engine/Content/EditorResources/S_Trigger.uexp" 16
"../../../Engine/Content/EditorResources/S_TriggerBox.uasset" 17
"../../../Engine/Content/EditorResources/S_TriggerBox.uexp" 18
"../../../Engine/Content/EditorResources/S_TriggerCapsule.uasset" 19
"../../../Engine/Content/EditorResources/S_TriggerCapsule.uexp" 20
"../../../Engine/Content/EditorResources/S_TriggerSphere.uasset" 21
"../../../Engine/Content/EditorResources/S_TriggerSphere.uexp" 22
"../../../Engine/Content/EngineMeshes/Sphere.uasset" 23
"../../../Engine/Content/EngineMeshes/Sphere.ubulk" 24
"../../../Engine/Content/EngineMeshes/Sphere.uexp" 25
"../../../Engine/Content/EngineResources/GradientTexture0.uasset" 26
"../../../Engine/Content/EngineResources/GradientTexture0.uexp" 27
"../../../Engine/Content/EngineResources/Black.uasset" 28
"../../../Engine/Content/EngineResources/Black.uexp" 29
"../../../Engine/Content/VREditor/LaserPointer/VR_LaserPower_01.uasset" 30
"../../../Engine/Content/VREditor/LaserPointer/VR_LaserPower_01.ubulk" 31
"../../../Engine/Content/VREditor/LaserPointer/VR_LaserPower_01.uexp" 32
"../../../Engine/Content/VREditor/TransformGizmo/TransformGizmoMaterial.uasset" 33
"../../../Engine/Content/VREditor/TransformGizmo/TransformGizmoMaterial.uexp" 34
"../../../Engine/Content/VREditor/TransformGizmo/TranslucentTransformGizmoMaterial.uasset" 35
"../../../Engine/Content/VREditor/TransformGizmo/TranslucentTransformGizmoMaterial.uexp" 36
"../../../Engine/Content/VREditor/TransformGizmo/PlaneTranslationHandle.uasset" 37
"../../../Engine/Content/VREditor/TransformGizmo/PlaneTranslationHandle.ubulk" 38
"../../../Engine/Content/VREditor/TransformGizmo/PlaneTranslationHandle.uexp" 39
"../../../Engine/Content/VREditor/TransformGizmo/BoundingBoxCorner.uasset" 40
"../../../Engine/Content/VREditor/TransformGizmo/BoundingBoxCorner.ubulk" 41
"../../../Engine/Content/VREditor/TransformGizmo/BoundingBoxCorner.uexp" 42
"../../../Engine/Content/VREditor/TransformGizmo/BoundingBoxEdge.uasset" 43
"../../../Engine/Content/VREditor/TransformGizmo/BoundingBoxEdge.ubulk" 44
"../../../Engine/Content/VREditor/TransformGizmo/BoundingBoxEdge.uexp" 45
"../../../Engine/Content/VREditor/TransformGizmo/Main.uasset" 46
"../../../Engine/Content/VREditor/TransformGizmo/Main.uexp" 47
"../../../Engine/Content/VREditor/TransformGizmo/Xray.uasset" 48
"../../../Engine/Content/VREditor/TransformGizmo/Xray.uexp" 49
"../../../Engine/Content/VREditor/TransformGizmo/SM_Sequencer_Node.uasset" 50
"../../../Engine/Content/VREditor/TransformGizmo/SM_Sequencer_Node.ubulk" 51
"../../../Engine/Content/VREditor/TransformGizmo/SM_Sequencer_Node.uexp" 52
"../../../Engine/Content/EditorMaterials/Camera/CineMat.uasset" 53
"../../../Engine/Content/EditorMaterials/Camera/CineMat.uexp" 54
"../../../Engine/Content/EditorMaterials/Camera/MI_CineMat_Rig.uasset" 55
"../../../Engine/Content/EditorMaterials/Camera/MI_CineMat_Rig.uexp" 56
"../../../Engine/Content/EditorMeshes/Camera/SM_CraneRig_Base.uasset" 57
"../../../Engine/Content/EditorMeshes/Camera/SM_CraneRig_Base.ubulk" 58
"../../../Engine/Content/EditorMeshes/Camera/SM_CraneRig_Base.uexp" 59
"../../../Engine/Content/EditorMeshes/Camera/SM_CraneRig_Arm.uasset" 60
"../../../Engine/Content/EditorMeshes/Camera/SM_CraneRig_Arm.ubulk" 61
"../../../Engine/Content/EditorMeshes/Camera/SM_CraneRig_Arm.uexp" 62
"../../../Engine/Content/EditorMeshes/Camera/SM_CraneRig_Mount.uasset" 63
"../../../Engine/Content/EditorMeshes/Camera/SM_CraneRig_Mount.ubulk" 64
"../../../Engine/Content/EditorMeshes/Camera/SM_CraneRig_Mount.uexp" 65
"../../../Engine/Content/EditorMeshes/Camera/SM_CraneRig_Body.uasset" 66
"../../../Engine/Content/EditorMeshes/Camera/SM_CraneRig_Body.ubulk" 67
"../../../Engine/Content/EditorMeshes/Camera/SM_CraneRig_Body.uexp" 68
"../../../Engine/Content/EditorMeshes/Camera/SM_RailRig_Track.uasset" 69
"../../../Engine/Content/EditorMeshes/Camera/SM_RailRig_Track.ubulk" 70
"../../../Engine/Content/EditorMeshes/Camera/SM_RailRig_Track.uexp" 71
"../../../Engine/Content/EditorMeshes/Camera/SM_RailRig_Mount.uasset" 72
"../../../Engine/Content/EditorMeshes/Camera/SM_RailRig_Mount.ubulk" 73
"../../../Engine/Content/EditorMeshes/Camera/SM_RailRig_Mount.uexp" 74
"../../../Engine/Content/EngineMaterials/T_Default_Material_Grid_M.uasset" 75
"../../../Engine/Content/EngineMaterials/T_Default_Material_Grid_M.ubulk" 76
"../../../Engine/Content/EngineMaterials/T_Default_Material_Grid_M.uexp" 77
"../../../Engine/Content/EngineMaterials/T_Default_Material_Grid_N.uasset" 78
"../../../Engine/Content/EngineMaterials/T_Default_Material_Grid_N.ubulk" 79
"../../../Engine/Content/EngineMaterials/T_Default_Material_Grid_N.uexp" 80
"../../../Engine/Content/Functions/Engine_MaterialFunctions01/Opacity/CameraDepthFade.uasset" 81
"../../../Engine/Content/Functions/Engine_MaterialFunctions01/Opacity/CameraDepthFade.uexp" 82
"../../../Engine/Content/EngineMaterials/WorldGridMaterial.uasset" 83
"../../../Engine/Content/EngineMaterials/WorldGridMaterial.uexp" 84
"../../../Engine/Content/ArtTools/RenderToTexture/Meshes/S_1_Unit_Plane.uasset" 85
"../../../Engine/Content/ArtTools/RenderToTexture/Meshes/S_1_Unit_Plane.ubulk" 86
"../../../Engine/Content/ArtTools/RenderToTexture/Meshes/S_1_Unit_Plane.uexp" 87
"../../../Engine/Content/EditorMaterials/ParticleSystems/PSysThumbnail_NoImage.uasset" 88
"../../../Engine/Content/EditorMaterials/ParticleSystems/PSysThumbnail_NoImage.ubulk" 89
"../../../Engine/Content/EditorMaterials/ParticleSystems/PSysThumbnail_NoImage.uexp" 90
"../../../Engine/Content/EditorMaterials/ParticleSystems/PSysThumbnail_OOD.uasset" 91
"../../../Engine/Content/EditorMaterials/ParticleSystems/PSysThumbnail_OOD.ubulk" 92
"../../../Engine/Content/EditorMaterials/ParticleSystems/PSysThumbnail_OOD.uexp" 93
"../../../Engine/Content/EditorLandscapeResources/SplineEditorMeshMat.uasset" 94
"../../../Engine/Content/EditorLandscapeResources/SplineEditorMeshMat.uexp" 95
"../../../Engine/Content/EditorLandscapeResources/SplineEditorMesh.uasset" 96
"../../../Engine/Content/EditorLandscapeResources/SplineEditorMesh.ubulk" 97
"../../../Engine/Content/EditorLandscapeResources/SplineEditorMesh.uexp" 98
"../../../Engine/Content/EditorResources/S_Solver.uasset" 99
"../../../Engine/Content/EditorResources/S_Solver.ubulk" 100
"../../../Engine/Content/EditorResources/S_Solver.uexp" 101
"../../../Engine/Plugins/Media/MediaPlate/Content/SM_MediaPlateScreen.uasset" 102
"../../../Engine/Plugins/Media/MediaPlate/Content/SM_MediaPlateScreen.ubulk" 103
"../../../Engine/Plugins/Media/MediaPlate/Content/SM_MediaPlateScreen.uexp" 104
"../../../Engine/Content/EngineMaterials/Good64x64TilingNoiseHighFreq.uasset" 105
"../../../Engine/Content/EngineMaterials/Good64x64TilingNoiseHighFreq.uexp" 106
"../../../Engine/Content/EngineMaterials/DefaultBokeh.uasset" 107
"../../../Engine/Content/EngineMaterials/DefaultBokeh.uexp" 108
"../../../Engine/Content/EngineMaterials/PreintegratedSkinBRDF.uasset" 109
"../../../Engine/Content/EngineMaterials/PreintegratedSkinBRDF.uexp" 110
"../../../Engine/Content/EngineMaterials/MiniFont.uasset" 111
"../../../Engine/Content/EngineMaterials/MiniFont.uexp" 112
"../../../Engine/Content/EngineMaterials/WeightMapPlaceholderTexture.uasset" 113
"../../../Engine/Content/EngineMaterials/WeightMapPlaceholderTexture.uexp" 114
"../../../Engine/Content/EngineMaterials/DefaultWhiteGrid.uasset" 115
"../../../Engine/Content/EngineMaterials/DefaultWhiteGrid.ubulk" 116
"../../../Engine/Content/EngineMaterials/DefaultWhiteGrid.uexp" 117
"../../../Engine/Content/Animation/DefaultRecorderBoneCompression.uasset" 118
"../../../Engine/Content/Animation/DefaultRecorderBoneCompression.uexp" 119
"../../../Engine/Content/Animation/DefaultAnimCurveCompressionSettings.uasset" 120
"../../../Engine/Content/Animation/DefaultAnimCurveCompressionSettings.uexp" 121
"../../../Engine/Content/Animation/DefaultAnimBoneCompressionSettings.uasset" 122
"../../../Engine/Content/Animation/DefaultAnimBoneCompressionSettings.uexp" 123
"../../../Engine/Content/EngineMaterials/DefaultMaterial.uasset" 124
"../../../Engine/Content/EngineMaterials/DefaultMaterial.uexp" 125
"../../../Engine/Content/BasicShapes/Sphere.uasset" 126
"../../../Engine/Content/BasicShapes/Sphere.ubulk" 127
"../../../Engine/Content/BasicShapes/Sphere.uexp" 128
"../../../Engine/Content/BasicShapes/Cylinder.uasset" 129
"../../../Engine/Content/BasicShapes/Cylinder.ubulk" 130
"../../../Engine/Content/BasicShapes/Cylinder.uexp" 131
"../../../Engine/Content/BasicShapes/Cone.uasset" 132
"../../../Engine/Content/BasicShapes/Cone.ubulk" 133
"../../../Engine/Content/BasicShapes/Cone.uexp" 134
"../../../Engine/Content/EditorLandscapeResources/DefaultAlphaTexture.uasset" 135
"../../../Engine/Content/EditorLandscapeResources/DefaultAlphaTexture.uexp" 136
"../../../Engine/Content/EditorLandscapeResources/DataLayer.uasset" 137
"../../../Engine/Content/EditorLandscapeResources/DataLayer.uexp" 138
"../../../Engine/Content/EditorMaterials/PreviewShadowIndicator.uasset" 139
"../../../Engine/Content/EditorMaterials/PreviewShadowIndicator.ubulk" 140
"../../../Engine/Content/EditorMaterials/PreviewShadowIndicator.uexp" 141
"../../../Engine/Content/EditorMaterials/PreviewShadowIndicatorMaterial.uasset" 142
"../../../Engine/Content/EditorMaterials/PreviewShadowIndicatorMaterial.uexp" 143
"../../../Engine/Content/EditorMaterials/PhAT_UnselectedMaterial.uasset" 144
"../../../Engine/Content/EditorMaterials/PhAT_UnselectedMaterial.uexp" 145
"../../../Engine/Content/EditorMaterials/PhAT_NoCollisionMaterial.uasset" 146
"../../../Engine/Content/EditorMaterials/PhAT_NoCollisionMaterial.uexp" 147
"../../../Engine/Content/Functions/Engine_MaterialFunctions02/Utility/MakeFloat4.uasset" 148
"../../../Engine/Content/Functions/Engine_MaterialFunctions02/Utility/MakeFloat4.uexp" 149
"../../../Engine/Content/Functions/Engine_MaterialFunctions02/Utility/MakeFloat3.uasset" 150
"../../../Engine/Content/Functions/Engine_MaterialFunctions02/Utility/MakeFloat3.uexp" 151
"../../../Engine/Content/Functions/Engine_MaterialFunctions02/Utility/BreakOutFloat3Components.uasset" 152
"../../../Engine/Content/Functions/Engine_MaterialFunctions02/Utility/BreakOutFloat3Components.uexp" 153
"../../../Engine/Content/EditorMaterials/WorldPartition/WorldPartitionSpatialHashGridPreviewMaterial.uasset" 154
"../../../Engine/Content/EditorMaterials/WorldPartition/WorldPartitionSpatialHashGridPreviewMaterial.uexp" 155
"../../../Engine/Content/EditorResources/S_Terrain.uasset" 156
"../../../Engine/Content/EditorResources/S_Terrain.ubulk" 157
"../../../Engine/Content/EditorResources/S_Terrain.uexp" 158
"../../../Engine/Content/EditorResources/EmptyActor.uasset" 159
"../../../Engine/Content/EditorResources/EmptyActor.uexp" 160
"../../../Engine/Content/EditorResources/BSPVertex.uasset" 161
"../../../Engine/Content/EditorResources/BSPVertex.uexp" 162
"../../../Engine/Content/EditorResources/SequenceRecorder/RecordingIndicator.uasset" 163
"../../../Engine/Content/EditorResources/SequenceRecorder/RecordingIndicator.uexp" 164
"../../../Engine/Content/EditorResources/SequenceRecorder/Countdown.uasset" 165
"../../../Engine/Content/EditorResources/SequenceRecorder/Countdown.uexp" 166
"../../../Engine/Content/EngineDamageTypes/DmgTypeBP_Environmental.uasset" 167
"../../../Engine/Content/EngineDamageTypes/DmgTypeBP_Environmental.uexp" 168
"../../../Engine/Content/Functions/Engine_MaterialFunctions02/Utility/CameraDirectionVector.uasset" 169
"../../../Engine/Content/Functions/Engine_MaterialFunctions02/Utility/CameraDirectionVector.uexp" 170
"../../../Engine/Content/EngineDebugMaterials/VolumeToRender.uasset" 171
"../../../Engine/Content/EngineDebugMaterials/VolumeToRender.uexp" 172
"../../../Engine/Content/EngineDebugMaterials/M_VolumeRenderSphereTracePP.uasset" 173
"../../../Engine/Content/EngineDebugMaterials/M_VolumeRenderSphereTracePP.uexp" 174
"../../../Engine/Content/EngineDebugMaterials/M_SimpleUnlitTranslucent.uasset" 175
"../../../Engine/Content/EngineDebugMaterials/M_SimpleUnlitTranslucent.uexp" 176
"../../../Engine/Content/EngineDebugMaterials/DebugMeshMaterial.uasset" 177
"../../../Engine/Content/EngineDebugMaterials/DebugMeshMaterial.uexp" 178
"../../../Engine/Content/EngineDebugMaterials/DebugEditorMaterial.uasset" 179
"../../../Engine/Content/EngineDebugMaterials/DebugEditorMaterial.uexp" 180
"../../../Engine/Content/EngineFonts/Faces/RobotoLight.uasset" 181
"../../../Engine/Content/EngineFonts/Faces/RobotoLight.ufont" 182
"../../../Engine/Content/EngineFonts/Faces/RobotoLight.uexp" 183
"../../../Engine/Content/EngineFonts/Faces/RobotoBold.uasset" 184
"../../../Engine/Content/EngineFonts/Faces/RobotoBold.ufont" 185
"../../../Engine/Content/EngineFonts/Faces/RobotoBold.uexp" 186
"../../../Engine/Content/EngineFonts/Faces/RobotoRegular.uasset" 187
"../../../Engine/Content/EngineFonts/Faces/RobotoRegular.ufont" 188
"../../../Engine/Content/EngineFonts/Faces/RobotoRegular.uexp" 189
"../../../Engine/Content/EngineFonts/Faces/DroidSansFallback.uasset" 190
"../../../Engine/Content/EngineFonts/Faces/DroidSansFallback.ufont" 191
"../../../Engine/Content/EngineFonts/Faces/DroidSansFallback.uexp" 192
"../../../Engine/Content/EngineFonts/Faces/RobotoItalic.uasset" 193
"../../../Engine/Content/EngineFonts/Faces/RobotoItalic.ufont" 194
"../../../Engine/Content/EngineFonts/Faces/RobotoItalic.uexp" 195
"../../../Engine/Content/EngineFonts/Faces/RobotoBoldItalic.uasset" 196
"../../../Engine/Content/EngineFonts/Faces/RobotoBoldItalic.ufont" 197
"../../../Engine/Content/EngineFonts/Faces/RobotoBoldItalic.uexp" 198
"../../../Engine/Content/EngineFonts/Roboto.uasset" 199
"../../../Engine/Content/EngineFonts/Roboto.uexp" 200
"../../../Engine/Content/EngineResources/WhiteSquareTexture.uasset" 201
"../../../Engine/Content/EngineResources/WhiteSquareTexture.uexp" 202
"../../../Engine/Content/EngineMaterials/Widget3DPassThrough.uasset" 203
"../../../Engine/Content/EngineMaterials/Widget3DPassThrough.uexp" 204
"../../../Engine/Content/EngineMaterials/Widget3DPassThrough_Translucent.uasset" 205
"../../../Engine/Content/EngineMaterials/Widget3DPassThrough_Translucent.uexp" 206
"../../../Engine/Content/EngineMaterials/Widget3DPassThrough_Translucent_OneSided.uasset" 207
"../../../Engine/Content/EngineMaterials/Widget3DPassThrough_Translucent_OneSided.uexp" 208
"../../../Engine/Content/EngineMaterials/Widget3DPassThrough_Opaque.uasset" 209
"../../../Engine/Content/EngineMaterials/Widget3DPassThrough_Opaque.uexp" 210
"../../../Engine/Content/EngineMaterials/Widget3DPassThrough_Opaque_OneSided.uasset" 211
"../../../Engine/Content/EngineMaterials/Widget3DPassThrough_Opaque_OneSided.uexp" 212
"../../../Engine/Content/EngineMaterials/Widget3DPassThrough_Masked_OneSided.uasset" 213
"../../../Engine/Content/EngineMaterials/Widget3DPassThrough_Masked_OneSided.uexp" 214
"../../../Engine/Content/EngineMaterials/Widget3DPassThrough_Masked.uasset" 215
"../../../Engine/Content/EngineMaterials/Widget3DPassThrough_Masked.uexp" 216
"../../../Engine/Content/EngineMaterials/STBlueNoise_vec2_128x128x64.uasset" 217
"../../../Engine/Content/EngineMaterials/STBlueNoise_vec2_128x128x64.uexp" 218
"../../../Engine/Content/EngineMaterials/STBlueNoise_scalar_128x128x64.uasset" 219
"../../../Engine/Content/EngineMaterials/STBlueNoise_scalar_128x128x64.uexp" 220
"../../../Engine/Content/EngineMaterials/RemoveSurfaceMaterial.uasset" 221
"../../../Engine/Content/EngineMaterials/RemoveSurfaceMaterial.uexp" 222
"../../../Engine/Content/EngineMaterials/DefaultCalibrationGrayscale.uasset" 223
"../../../Engine/Content/EngineMaterials/DefaultCalibrationGrayscale.uexp" 224
"../../../Engine/Content/EngineMaterials/PPM_DefaultCalibrationGrayscale.uasset" 225
"../../../Engine/Content/EngineMaterials/PPM_DefaultCalibrationGrayscale.uexp" 226
"../../../Engine/Content/EngineMaterials/DefaultCalibrationColor.uasset" 227
"../../../Engine/Content/EngineMaterials/DefaultCalibrationColor.uexp" 228
"../../../Engine/Content/EngineMaterials/PPM_DefaultCalibrationColor.uasset" 229
"../../../Engine/Content/EngineMaterials/PPM_DefaultCalibrationColor.uexp" 230
"../../../Engine/Content/Functions/Engine_MaterialFunctions02/WorldPositionOffset/CameraOffset.uasset" 231
"../../../Engine/Content/Functions/Engine_MaterialFunctions02/WorldPositionOffset/CameraOffset.uexp" 232
"../../../Engine/Content/EngineMaterials/PhAT_JointLimitMaterial.uasset" 233
"../../../Engine/Content/EngineMaterials/PhAT_JointLimitMaterial.uexp" 234
"../../../Engine/Content/EngineMaterials/InvalidLightmapSettings.uasset" 235
"../../../Engine/Content/EngineMaterials/InvalidLightmapSettings.ubulk" 236
"../../../Engine/Content/EngineMaterials/InvalidLightmapSettings.uexp" 237
"../../../Engine/Content/EngineMaterials/M_InvalidLightmapSettings.uasset" 238
"../../../Engine/Content/EngineMaterials/M_InvalidLightmapSettings.uexp" 239
"../../../Engine/Content/EngineMaterials/GizmoMaterial.uasset" 240
"../../../Engine/Content/EngineMaterials/GizmoMaterial.uexp" 241
"../../../Engine/Content/EngineMaterials/BaseFlattenEmissiveMap_VT.uasset" 242
"../../../Engine/Content/EngineMaterials/BaseFlattenEmissiveMap_VT.uexp" 243
"../../../Engine/Content/EngineMaterials/BaseFlattenGrayscaleMap_VT.uasset" 244
"../../../Engine/Content/EngineMaterials/BaseFlattenGrayscaleMap_VT.uexp" 245
"../../../Engine/Content/EngineMaterials/BaseFlattenLinearColor_VT.uasset" 246
"../../../Engine/Content/EngineMaterials/BaseFlattenLinearColor_VT.uexp" 247
"../../../Engine/Content/EngineMaterials/Black_1x1_EXR_Texture_VT.uasset" 248
"../../../Engine/Content/EngineMaterials/Black_1x1_EXR_Texture_VT.uexp" 249
"../../../Engine/Content/EngineMaterials/BaseFlattenDiffuseMap_VT.uasset" 250
"../../../Engine/Content/EngineMaterials/BaseFlattenDiffuseMap_VT.uexp" 251
"../../../Engine/Content/EngineMaterials/BaseFlattenNormalMap_VT.uasset" 252
"../../../Engine/Content/EngineMaterials/BaseFlattenNormalMap_VT.uexp" 253
"../../../Engine/Content/EngineMaterials/FlattenMaterial_WS_Normal_VT.uasset" 254
"../../../Engine/Content/EngineMaterials/FlattenMaterial_WS_Normal_VT.uexp" 255
"../../../Engine/Content/EngineMaterials/FlattenMaterial_VT.uasset" 256
"../../../Engine/Content/EngineMaterials/FlattenMaterial_VT.uexp" 257
"../../../Engine/Content/EngineMaterials/BaseFlattenNormalMap.uasset" 258
"../../../Engine/Content/EngineMaterials/BaseFlattenNormalMap.uexp" 259
"../../../Engine/Content/EngineMaterials/BaseFlattenGrayscaleMap.uasset" 260
"../../../Engine/Content/EngineMaterials/BaseFlattenGrayscaleMap.uexp" 261
"../../../Engine/Content/EngineMaterials/BaseFlattenDiffuseMap.uasset" 262
"../../../Engine/Content/EngineMaterials/BaseFlattenDiffuseMap.uexp" 263
"../../../Engine/Content/Functions/Engine_MaterialFunctions02/PivotPainter2/Black_1x1_EXR_Texture.uasset" 264
"../../../Engine/Content/Functions/Engine_MaterialFunctions02/PivotPainter2/Black_1x1_EXR_Texture.uexp" 265
"../../../Engine/Content/EngineMaterials/BaseFlattenEmissiveMap.uasset" 266
"../../../Engine/Content/EngineMaterials/BaseFlattenEmissiveMap.uexp" 267
"../../../Engine/Content/EngineMaterials/BaseFlattenLinearColor.uasset" 268
"../../../Engine/Content/EngineMaterials/BaseFlattenLinearColor.uexp" 269
"../../../Engine/Content/EngineMaterials/FlattenMaterial.uasset" 270
"../../../Engine/Content/EngineMaterials/FlattenMaterial.uexp" 271
"../../../Engine/Content/EngineMaterials/DefaultWhiteGrid_Low.uasset" 272
"../../../Engine/Content/EngineMaterials/DefaultWhiteGrid_Low.uexp" 273
"../../../Engine/Content/EngineMaterials/EmissiveMeshMaterial.uasset" 274
"../../../Engine/Content/EngineMaterials/EmissiveMeshMaterial.uexp" 275
"../../../Engine/Content/EngineFonts/RobotoDistanceField.uasset" 276
"../../../Engine/Content/EngineFonts/RobotoDistanceField.uexp" 277
"../../../Engine/Content/EngineMaterials/DefaultTextMaterialOpaque.uasset" 278
"../../../Engine/Content/EngineMaterials/DefaultTextMaterialOpaque.uexp" 279
"../../../Engine/Content/EngineMaterials/DefaultDiffuse.uasset" 280
"../../../Engine/Content/EngineMaterials/DefaultDiffuse.ubulk" 281
"../../../Engine/Content/EngineMaterials/DefaultDiffuse.uexp" 282
"../../../Engine/Content/Functions/Engine_MaterialFunctions02/Utility/BreakOutFloat2Components.uasset" 283
"../../../Engine/Content/Functions/Engine_MaterialFunctions02/Utility/BreakOutFloat2Components.uexp" 284
"../../../Engine/Content/EngineMaterials/DefaultPostProcessMaterial.uasset" 285
"../../../Engine/Content/EngineMaterials/DefaultPostProcessMaterial.uexp" 286
"../../../Engine/Content/EngineMaterials/DefaultPhysicalMaterial.uasset" 287
"../../../Engine/Content/EngineMaterials/DefaultPhysicalMaterial.uexp" 288
"../../../Engine/Content/EngineMaterials/DefaultLightFunctionMaterial.uasset" 289
"../../../Engine/Content/EngineMaterials/DefaultLightFunctionMaterial.uexp" 290
"../../../Engine/Content/EngineMaterials/DefaultDestructiblePhysicalMaterial.uasset" 291
"../../../Engine/Content/EngineMaterials/DefaultDestructiblePhysicalMaterial.uexp" 292
"../../../Engine/Content/EngineMaterials/DefaultDeferredDecalMaterial.uasset" 293
"../../../Engine/Content/EngineMaterials/DefaultDeferredDecalMaterial.uexp" 294
"../../../Engine/Content/EngineMaterials/DefaultBloomKernel.uasset" 295
"../../../Engine/Content/EngineMaterials/DefaultBloomKernel.uexp" 296
"../../../Engine/Content/EngineResources/FilmGrains/Marcie_Grain_v3_128_M2_000.uasset" 297
"../../../Engine/Content/EngineResources/FilmGrains/Marcie_Grain_v3_128_M2_000.uexp" 298
"../../../Engine/Content/EngineSky/T_Sky_Stars.uasset" 299
"../../../Engine/Content/EngineSky/T_Sky_Stars.ubulk" 300
"../../../Engine/Content/EngineSky/T_Sky_Stars.uexp" 301
"../../../Engine/Content/EngineSky/T_Sky_Clouds_M.uasset" 302
"../../../Engine/Content/EngineSky/T_Sky_Clouds_M.ubulk" 303
"../../../Engine/Content/EngineSky/T_Sky_Clouds_M.uexp" 304
"../../../Engine/Content/EngineSky/T_Sky_Blue.uasset" 305
"../../../Engine/Content/EngineSky/T_Sky_Blue.ubulk" 306
"../../../Engine/Content/EngineSky/T_Sky_Blue.uexp" 307
"../../../Engine/Content/EngineSky/M_Sky_Panning_Clouds2.uasset" 308
"../../../Engine/Content/EngineSky/M_Sky_Panning_Clouds2.uexp" 309
"../../../Engine/Content/EngineSky/SM_SkySphere.uasset" 310
"../../../Engine/Content/EngineSky/SM_SkySphere.ubulk" 311
"../../../Engine/Content/EngineSky/SM_SkySphere.uexp" 312
"../../../Engine/Content/EngineSky/M_SimpleSkyDome.uasset" 313
"../../../Engine/Content/EngineSky/M_SimpleSkyDome.uexp" 314
"../../../Engine/Content/EngineSky/VolumetricClouds/CloudWeatherTexture.uasset" 315
"../../../Engine/Content/EngineSky/VolumetricClouds/CloudWeatherTexture.uexp" 316
"../../../Engine/Content/Functions/Engine_MaterialFunctions02/Utility/MakeFloat2.uasset" 317
"../../../Engine/Content/Functions/Engine_MaterialFunctions02/Utility/MakeFloat2.uexp" 318
"../../../Engine/Content/EngineSky/VolumetricClouds/CloudGradientTexture.uasset" 319
"../../../Engine/Content/EngineSky/VolumetricClouds/CloudGradientTexture.uexp" 320
"../../../Engine/Content/EngineSky/VolumetricClouds/T_NoiseShape64.uasset" 321
"../../../Engine/Content/EngineSky/VolumetricClouds/T_NoiseShape64.ubulk" 322
"../../../Engine/Content/EngineSky/VolumetricClouds/T_NoiseShape64.uexp" 323
"../../../Engine/Content/EngineSky/VolumetricClouds/T_VolumeNoiseShape64.uasset" 324
"../../../Engine/Content/EngineSky/VolumetricClouds/T_VolumeNoiseShape64.uexp" 325
"../../../Engine/Content/EngineSky/VolumetricClouds/T_NoiseErosion.uasset" 326
"../../../Engine/Content/EngineSky/VolumetricClouds/T_NoiseErosion.ubulk" 327
"../../../Engine/Content/EngineSky/VolumetricClouds/T_NoiseErosion.uexp" 328
"../../../Engine/Content/EngineSky/VolumetricClouds/T_VolumeNoiseErosion32.uasset" 329
"../../../Engine/Content/EngineSky/VolumetricClouds/T_VolumeNoiseErosion32.uexp" 330
"../../../Engine/Content/EngineSky/VolumetricClouds/m_SimpleVolumetricCloud.uasset" 331
"../../../Engine/Content/EngineSky/VolumetricClouds/m_SimpleVolumetricCloud.uexp" 332
"../../../Engine/Content/EngineSky/VolumetricClouds/m_SimpleVolumetricCloud_Inst.uasset" 333
"../../../Engine/Content/EngineSky/VolumetricClouds/m_SimpleVolumetricCloud_Inst.uexp" 334
"../../../Engine/Content/EngineSounds/Master.uasset" 335
"../../../Engine/Content/EngineSounds/Master.uexp" 336
"../../../Engine/Content/Functions/Engine_MaterialFunctions01/Shading/PowerToRoughness.uasset" 337
"../../../Engine/Content/Functions/Engine_MaterialFunctions01/Shading/PowerToRoughness.uexp" 338
"../../../Engine/Content/Maps/Templates/HLODs/HLODLayer_Merged.uasset" 339
"../../../Engine/Content/Maps/Templates/HLODs/HLODLayer_Merged.uexp" 340
"../../../Engine/Content/MobileResources/HUD/VirtualJoystick_Background.uasset" 341
"../../../Engine/Content/MobileResources/HUD/VirtualJoystick_Background.uexp" 342
"../../../Engine/Content/MobileResources/HUD/VirtualJoystick_Thumb.uasset" 343
"../../../Engine/Content/MobileResources/HUD/VirtualJoystick_Thumb.uexp" 344
"../../../Engine/Content/MobileResources/HUD/DefaultVirtualJoysticks.uasset" 345
"../../../Engine/Content/MobileResources/HUD/DefaultVirtualJoysticks.uexp" 346
"../../../Engine/Plugins/2D/Paper2D/Content/PlaceholderTextures/DummySpriteTexture.uasset" 347
"../../../Engine/Plugins/2D/Paper2D/Content/PlaceholderTextures/DummySpriteTexture.ubulk" 348
"../../../Engine/Plugins/2D/Paper2D/Content/PlaceholderTextures/DummySpriteTexture.uexp" 349
"../../../Engine/Plugins/2D/Paper2D/Content/DefaultSpriteMaterial.uasset" 350
"../../../Engine/Plugins/2D/Paper2D/Content/DefaultSpriteMaterial.uexp" 351
"../../../Engine/Plugins/2D/Paper2D/Content/OpaqueUnlitSpriteMaterial.uasset" 352
"../../../Engine/Plugins/2D/Paper2D/Content/OpaqueUnlitSpriteMaterial.uexp" 353
"../../../Engine/Plugins/2D/Paper2D/Content/MaskedUnlitSpriteMaterial.uasset" 354
"../../../Engine/Plugins/2D/Paper2D/Content/MaskedUnlitSpriteMaterial.uexp" 355
"../../../Engine/Plugins/2D/Paper2D/Content/DummySprite.uasset" 356
"../../../Engine/Plugins/2D/Paper2D/Content/DummySprite.uexp" 357
"../../../Engine/Plugins/2D/Paper2D/Content/DefaultPaperTerrainMaterial.uasset" 358
"../../../Engine/Plugins/2D/Paper2D/Content/DefaultPaperTerrainMaterial.uexp" 359
"../../../Engine/Plugins/Animation/ControlRig/Content/M_Manip.uasset" 360
"../../../Engine/Plugins/Animation/ControlRig/Content/M_Manip.uexp" 361
"../../../Engine/Plugins/Animation/ControlRig/Content/Controls/DefaultGizmoLibraryNormalized.uasset" 362
"../../../Engine/Plugins/Animation/ControlRig/Content/Controls/DefaultGizmoLibraryNormalized.uexp" 363
"../../../Engine/Plugins/Animation/ControlRig/Content/Controls/ControlRig_Wedge_solid.uasset" 364
"../../../Engine/Plugins/Animation/ControlRig/Content/Controls/ControlRig_Wedge_solid.ubulk" 365
"../../../Engine/Plugins/Animation/ControlRig/Content/Controls/ControlRig_Wedge_solid.uexp" 366
"../../../Engine/Plugins/Animation/ControlRig/Content/Controls/ControlRig_Wedge_3mm.uasset" 367
"../../../Engine/Plugins/Animation/ControlRig/Content/Controls/ControlRig_Wedge_3mm.ubulk" 368
"../../../Engine/Plugins/Animation/ControlRig/Content/Controls/ControlRig_Wedge_3mm.uexp" 369
"../../../Engine/Plugins/Animation/ControlRig/Content/Controls/ControlRig_Wedge_1mm.uasset" 370
"../../../Engine/Plugins/Animation/ControlRig/Content/Controls/ControlRig_Wedge_1mm.ubulk" 371
"../../../Engine/Plugins/Animation/ControlRig/Content/Controls/ControlRig_Wedge_1mm.uexp" 372
"../../../Engine/Plugins/Animation/ControlRig/Content/Controls/ControlRig_Triangle_solid.uasset" 373
"../../../Engine/Plugins/Animation/ControlRig/Content/Controls/ControlRig_Triangle_solid.ubulk" 374
"../../../Engine/Plugins/Animation/ControlRig/Content/Controls/ControlRig_Triangle_solid.uexp" 375
"../../../Engine/Plugins/Animation/ControlRig/Content/Controls/ControlRig_Triangle_3mm.uasset" 376
"../../../Engine/Plugins/Animation/ControlRig/Content/Controls/ControlRig_Triangle_3mm.ubulk" 377
"../../../Engine/Plugins/Animation/ControlRig/Content/Controls/ControlRig_Triangle_3mm.uexp" 378
"../../../Engine/Plugins/Animation/ControlRig/Content/Controls/ControlRig_Triangle_1mm.uasset" 379
"../../../Engine/Plugins/Animation/ControlRig/Content/Controls/ControlRig_Triangle_1mm.ubulk" 380
"../../../Engine/Plugins/Animation/ControlRig/Content/Controls/ControlRig_Triangle_1mm.uexp" 381
"../../../Engine/Plugins/Animation/ControlRig/Content/Controls/ControlRig_Star4_solid.uasset" 382
"../../../Engine/Plugins/Animation/ControlRig/Content/Controls/ControlRig_Star4_solid.ubulk" 383
"../../../Engine/Plugins/Animation/ControlRig/Content/Controls/ControlRig_Star4_solid.uexp" 384
"../../../Engine/Plugins/Animation/ControlRig/Content/Controls/ControlRig_Star4_3mm.uasset" 385
"../../../Engine/Plugins/Animation/ControlRig/Content/Controls/ControlRig_Star4_3mm.ubulk" 386
"../../../Engine/Plugins/Animation/ControlRig/Content/Controls/ControlRig_Star4_3mm.uexp" 387
"../../../Engine/Plugins/Animation/ControlRig/Content/Controls/ControlRig_Star4_1mm.uasset" 388
"../../../Engine/Plugins/Animation/ControlRig/Content/Controls/ControlRig_Star4_1mm.ubulk" 389
"../../../Engine/Plugins/Animation/ControlRig/Content/Controls/ControlRig_Star4_1mm.uexp" 390
"../../../Engine/Plugins/Animation/ControlRig/Content/Controls/ControlRig_Square_solid.uasset" 391
"../../../Engine/Plugins/Animation/ControlRig/Content/Controls/ControlRig_Square_solid.ubulk" 392
"../../../Engine/Plugins/Animation/ControlRig/Content/Controls/ControlRig_Square_solid.uexp" 393
"../../../Engine/Plugins/Animation/ControlRig/Content/Controls/ControlRig_Square_3mm.uasset" 394
"../../../Engine/Plugins/Animation/ControlRig/Content/Controls/ControlRig_Square_3mm.ubulk" 395
"../../../Engine/Plugins/Animation/ControlRig/Content/Controls/ControlRig_Square_3mm.uexp" 396
"../../../Engine/Plugins/Animation/ControlRig/Content/Controls/ControlRig_Square_1mm.uasset" 397
"../../../Engine/Plugins/Animation/ControlRig/Content/Controls/ControlRig_Square_1mm.ubulk" 398
"../../../Engine/Plugins/Animation/ControlRig/Content/Controls/ControlRig_Square_1mm.uexp" 399
"../../../Engine/Plugins/Animation/ControlRig/Content/Controls/ControlRig_Sphere_solid.uasset" 400
"../../../Engine/Plugins/Animation/ControlRig/Content/Controls/ControlRig_Sphere_solid.ubulk" 401
"../../../Engine/Plugins/Animation/ControlRig/Content/Controls/ControlRig_Sphere_solid.uexp" 402
"../../../Engine/Plugins/Animation/ControlRig/Content/Controls/ControlRig_Sphere_3mm.uasset" 403
"../../../Engine/Plugins/Animation/ControlRig/Content/Controls/ControlRig_Sphere_3mm.ubulk" 404
"../../../Engine/Plugins/Animation/ControlRig/Content/Controls/ControlRig_Sphere_3mm.uexp" 405
"../../../Engine/Plugins/Animation/ControlRig/Content/Controls/ControlRig_Sphere_1mm.uasset" 406
"../../../Engine/Plugins/Animation/ControlRig/Content/Controls/ControlRig_Sphere_1mm.ubulk" 407
"../../../Engine/Plugins/Animation/ControlRig/Content/Controls/ControlRig_Sphere_1mm.uexp" 408
"../../../Engine/Plugins/Animation/ControlRig/Content/Controls/ControlRig_RoundedTriangle_solid.uasset" 409
"../../../Engine/Plugins/Animation/ControlRig/Content/Controls/ControlRig_RoundedTriangle_solid.ubulk" 410
"../../../Engine/Plugins/Animation/ControlRig/Content/Controls/ControlRig_RoundedTriangle_solid.uexp" 411
"../../../Engine/Plugins/Animation/ControlRig/Content/Controls/ControlRig_RoundedTriangle_3mm.uasset" 412
"../../../Engine/Plugins/Animation/ControlRig/Content/Controls/ControlRig_RoundedTriangle_3mm.ubulk" 413
"../../../Engine/Plugins/Animation/ControlRig/Content/Controls/ControlRig_RoundedTriangle_3mm.uexp" 414
"../../../Engine/Plugins/Animation/ControlRig/Content/Controls/ControlRig_RoundedTriangle_1mm.uasset" 415
"../../../Engine/Plugins/Animation/ControlRig/Content/Controls/ControlRig_RoundedTriangle_1mm.ubulk" 416
"../../../Engine/Plugins/Animation/ControlRig/Content/Controls/ControlRig_RoundedTriangle_1mm.uexp" 417
"../../../Engine/Plugins/Animation/ControlRig/Content/Controls/ControlRig_RoundedSquare_solid.uasset" 418
"../../../Engine/Plugins/Animation/ControlRig/Content/Controls/ControlRig_RoundedSquare_solid.ubulk" 419
"../../../Engine/Plugins/Animation/ControlRig/Content/Controls/ControlRig_RoundedSquare_solid.uexp" 420
"../../../Engine/Plugins/Animation/ControlRig/Content/Controls/ControlRig_RoundedSquare_3mm.uasset" 421
"../../../Engine/Plugins/Animation/ControlRig/Content/Controls/ControlRig_RoundedSquare_3mm.ubulk" 422
"../../../Engine/Plugins/Animation/ControlRig/Content/Controls/ControlRig_RoundedSquare_3mm.uexp" 423
"../../../Engine/Plugins/Animation/ControlRig/Content/Controls/ControlRig_RoundedSquare_1mm.uasset" 424
"../../../Engine/Plugins/Animation/ControlRig/Content/Controls/ControlRig_RoundedSquare_1mm.ubulk" 425
"../../../Engine/Plugins/Animation/ControlRig/Content/Controls/ControlRig_RoundedSquare_1mm.uexp" 426
"../../../Engine/Plugins/Animation/ControlRig/Content/Controls/ControlRig_QuarterCircle_solid.uasset" 427
"../../../Engine/Plugins/Animation/ControlRig/Content/Controls/ControlRig_QuarterCircle_solid.ubulk" 428
"../../../Engine/Plugins/Animation/ControlRig/Content/Controls/ControlRig_QuarterCircle_solid.uexp" 429
"../../../Engine/Plugins/Animation/ControlRig/Content/Controls/ControlRig_QuarterCircle_3mm.uasset" 430
"../../../Engine/Plugins/Animation/ControlRig/Content/Controls/ControlRig_QuarterCircle_3mm.ubulk" 431
"../../../Engine/Plugins/Animation/ControlRig/Content/Controls/ControlRig_QuarterCircle_3mm.uexp" 432
"../../../Engine/Plugins/Animation/ControlRig/Content/Controls/ControlRig_QuarterCircle_1mm.uasset" 433
"../../../Engine/Plugins/Animation/ControlRig/Content/Controls/ControlRig_QuarterCircle_1mm.ubulk" 434
"../../../Engine/Plugins/Animation/ControlRig/Content/Controls/ControlRig_QuarterCircle_1mm.uexp" 435
"../../../Engine/Plugins/Animation/ControlRig/Content/Controls/ControlRig_Pyramid_solid.uasset" 436
"../../../Engine/Plugins/Animation/ControlRig/Content/Controls/ControlRig_Pyramid_solid.ubulk" 437
"../../../Engine/Plugins/Animation/ControlRig/Content/Controls/ControlRig_Pyramid_solid.uexp" 438
"../../../Engine/Plugins/Animation/ControlRig/Content/Controls/ControlRig_Pyramid_3mm.uasset" 439
"../../../Engine/Plugins/Animation/ControlRig/Content/Controls/ControlRig_Pyramid_3mm.ubulk" 440
"../../../Engine/Plugins/Animation/ControlRig/Content/Controls/ControlRig_Pyramid_3mm.uexp" 441
"../../../Engine/Plugins/Animation/ControlRig/Content/Controls/ControlRig_Pyramid_1mm.uasset" 442
"../../../Engine/Plugins/Animation/ControlRig/Content/Controls/ControlRig_Pyramid_1mm.ubulk" 443
"../../../Engine/Plugins/Animation/ControlRig/Content/Controls/ControlRig_Pyramid_1mm.uexp" 444
"../../../Engine/Plugins/Animation/ControlRig/Content/Controls/ControlRig_Octagon_solid.uasset" 445
"../../../Engine/Plugins/Animation/ControlRig/Content/Controls/ControlRig_Octagon_solid.ubulk" 446
"../../../Engine/Plugins/Animation/ControlRig/Content/Controls/ControlRig_Octagon_solid.uexp" 447
"../../../Engine/Plugins/Animation/ControlRig/Content/Controls/ControlRig_Octagon_3mm.uasset" 448
"../../../Engine/Plugins/Animation/ControlRig/Content/Controls/ControlRig_Octagon_3mm.ubulk" 449
"../../../Engine/Plugins/Animation/ControlRig/Content/Controls/ControlRig_Octagon_3mm.uexp" 450
"../../../Engine/Plugins/Animation/ControlRig/Content/Controls/ControlRig_Octagon_1mm.uasset" 451
"../../../Engine/Plugins/Animation/ControlRig/Content/Controls/ControlRig_Octagon_1mm.ubulk" 452
"../../../Engine/Plugins/Animation/ControlRig/Content/Controls/ControlRig_Octagon_1mm.uexp" 453
"../../../Engine/Plugins/Animation/ControlRig/Content/Controls/ControlRig_Hexagon_solid.uasset" 454
"../../../Engine/Plugins/Animation/ControlRig/Content/Controls/ControlRig_Hexagon_solid.ubulk" 455
"../../../Engine/Plugins/Animation/ControlRig/Content/Controls/ControlRig_Hexagon_solid.uexp" 456
"../../../Engine/Plugins/Animation/ControlRig/Content/Controls/ControlRig_Hexagon_3mm.uasset" 457
"../../../Engine/Plugins/Animation/ControlRig/Content/Controls/ControlRig_Hexagon_3mm.ubulk" 458
"../../../Engine/Plugins/Animation/ControlRig/Content/Controls/ControlRig_Hexagon_3mm.uexp" 459
"../../../Engine/Plugins/Animation/ControlRig/Content/Controls/ControlRig_Hexagon_1mm.uasset" 460
"../../../Engine/Plugins/Animation/ControlRig/Content/Controls/ControlRig_Hexagon_1mm.ubulk" 461
"../../../Engine/Plugins/Animation/ControlRig/Content/Controls/ControlRig_Hexagon_1mm.uexp" 462
"../../../Engine/Plugins/Animation/ControlRig/Content/Controls/ControlRig_HalfCircle_solid.uasset" 463
"../../../Engine/Plugins/Animation/ControlRig/Content/Controls/ControlRig_HalfCircle_solid.ubulk" 464
"../../../Engine/Plugins/Animation/ControlRig/Content/Controls/ControlRig_HalfCircle_solid.uexp" 465
"../../../Engine/Plugins/Animation/ControlRig/Content/Controls/ControlRig_HalfCircle_3mm.uasset" 466
"../../../Engine/Plugins/Animation/ControlRig/Content/Controls/ControlRig_HalfCircle_3mm.ubulk" 467
"../../../Engine/Plugins/Animation/ControlRig/Content/Controls/ControlRig_HalfCircle_3mm.uexp" 468
"../../../Engine/Plugins/Animation/ControlRig/Content/Controls/ControlRig_HalfCircle_1mm.uasset" 469
"../../../Engine/Plugins/Animation/ControlRig/Content/Controls/ControlRig_HalfCircle_1mm.ubulk" 470
"../../../Engine/Plugins/Animation/ControlRig/Content/Controls/ControlRig_HalfCircle_1mm.uexp" 471
"../../../Engine/Plugins/Animation/ControlRig/Content/Controls/ControlRig_Diamond_solid.uasset" 472
"../../../Engine/Plugins/Animation/ControlRig/Content/Controls/ControlRig_Diamond_solid.ubulk" 473
"../../../Engine/Plugins/Animation/ControlRig/Content/Controls/ControlRig_Diamond_solid.uexp" 474
"../../../Engine/Plugins/Animation/ControlRig/Content/Controls/ControlRig_Diamond_3mm.uasset" 475
"../../../Engine/Plugins/Animation/ControlRig/Content/Controls/ControlRig_Diamond_3mm.ubulk" 476
"../../../Engine/Plugins/Animation/ControlRig/Content/Controls/ControlRig_Diamond_3mm.uexp" 477
"../../../Engine/Plugins/Animation/ControlRig/Content/Controls/ControlRig_Diamond_1mm.uasset" 478
"../../../Engine/Plugins/Animation/ControlRig/Content/Controls/ControlRig_Diamond_1mm.ubulk" 479
"../../../Engine/Plugins/Animation/ControlRig/Content/Controls/ControlRig_Diamond_1mm.uexp" 480
"../../../Engine/Plugins/Animation/ControlRig/Content/Controls/ControlRig_Circle_solid.uasset" 481
"../../../Engine/Plugins/Animation/ControlRig/Content/Controls/ControlRig_Circle_solid.ubulk" 482
"../../../Engine/Plugins/Animation/ControlRig/Content/Controls/ControlRig_Circle_solid.uexp" 483
"../../../Engine/Plugins/Animation/ControlRig/Content/Controls/ControlRig_Circle_3mm.uasset" 484
"../../../Engine/Plugins/Animation/ControlRig/Content/Controls/ControlRig_Circle_3mm.ubulk" 485
"../../../Engine/Plugins/Animation/ControlRig/Content/Controls/ControlRig_Circle_3mm.uexp" 486
"../../../Engine/Plugins/Animation/ControlRig/Content/Controls/ControlRig_Circle_1mm.uasset" 487
"../../../Engine/Plugins/Animation/ControlRig/Content/Controls/ControlRig_Circle_1mm.ubulk" 488
"../../../Engine/Plugins/Animation/ControlRig/Content/Controls/ControlRig_Circle_1mm.uexp" 489
"../../../Engine/Plugins/Animation/ControlRig/Content/Controls/ControlRig_Box_solid.uasset" 490
"../../../Engine/Plugins/Animation/ControlRig/Content/Controls/ControlRig_Box_solid.ubulk" 491
"../../../Engine/Plugins/Animation/ControlRig/Content/Controls/ControlRig_Box_solid.uexp" 492
"../../../Engine/Plugins/Animation/ControlRig/Content/Controls/ControlRig_Box_3mm.uasset" 493
"../../../Engine/Plugins/Animation/ControlRig/Content/Controls/ControlRig_Box_3mm.ubulk" 494
"../../../Engine/Plugins/Animation/ControlRig/Content/Controls/ControlRig_Box_3mm.uexp" 495
"../../../Engine/Plugins/Animation/ControlRig/Content/Controls/ControlRig_Box_1mm.uasset" 496
"../../../Engine/Plugins/Animation/ControlRig/Content/Controls/ControlRig_Box_1mm.ubulk" 497
"../../../Engine/Plugins/Animation/ControlRig/Content/Controls/ControlRig_Box_1mm.uexp" 498
"../../../Engine/Plugins/Animation/ControlRig/Content/Controls/ControlRig_Arrow_solid.uasset" 499
"../../../Engine/Plugins/Animation/ControlRig/Content/Controls/ControlRig_Arrow_solid.ubulk" 500
"../../../Engine/Plugins/Animation/ControlRig/Content/Controls/ControlRig_Arrow_solid.uexp" 501
"../../../Engine/Plugins/Animation/ControlRig/Content/Controls/ControlRig_Arrow_3mm.uasset" 502
"../../../Engine/Plugins/Animation/ControlRig/Content/Controls/ControlRig_Arrow_3mm.ubulk" 503
"../../../Engine/Plugins/Animation/ControlRig/Content/Controls/ControlRig_Arrow_3mm.uexp" 504
"../../../Engine/Plugins/Animation/ControlRig/Content/Controls/ControlRig_Arrow_1mm.uasset" 505
"../../../Engine/Plugins/Animation/ControlRig/Content/Controls/ControlRig_Arrow_1mm.ubulk" 506
"../../../Engine/Plugins/Animation/ControlRig/Content/Controls/ControlRig_Arrow_1mm.uexp" 507
"../../../Engine/Plugins/Animation/ControlRig/Content/Controls/ControlRig_Arrow4_solid.uasset" 508
"../../../Engine/Plugins/Animation/ControlRig/Content/Controls/ControlRig_Arrow4_solid.ubulk" 509
"../../../Engine/Plugins/Animation/ControlRig/Content/Controls/ControlRig_Arrow4_solid.uexp" 510
"../../../Engine/Plugins/Animation/ControlRig/Content/Controls/ControlRig_Arrow4_3mm.uasset" 511
"../../../Engine/Plugins/Animation/ControlRig/Content/Controls/ControlRig_Arrow4_3mm.ubulk" 512
"../../../Engine/Plugins/Animation/ControlRig/Content/Controls/ControlRig_Arrow4_3mm.uexp" 513
"../../../Engine/Plugins/Animation/ControlRig/Content/Controls/ControlRig_Arrow4_1mm.uasset" 514
"../../../Engine/Plugins/Animation/ControlRig/Content/Controls/ControlRig_Arrow4_1mm.ubulk" 515
"../../../Engine/Plugins/Animation/ControlRig/Content/Controls/ControlRig_Arrow4_1mm.uexp" 516
"../../../Engine/Plugins/Animation/ControlRig/Content/Controls/ControlRig_Arrow2_solid.uasset" 517
"../../../Engine/Plugins/Animation/ControlRig/Content/Controls/ControlRig_Arrow2_solid.ubulk" 518
"../../../Engine/Plugins/Animation/ControlRig/Content/Controls/ControlRig_Arrow2_solid.uexp" 519
"../../../Engine/Plugins/Animation/ControlRig/Content/Controls/ControlRig_Arrow2_3mm.uasset" 520
"../../../Engine/Plugins/Animation/ControlRig/Content/Controls/ControlRig_Arrow2_3mm.ubulk" 521
"../../../Engine/Plugins/Animation/ControlRig/Content/Controls/ControlRig_Arrow2_3mm.uexp" 522
"../../../Engine/Plugins/Animation/ControlRig/Content/Controls/ControlRig_Arrow2_1mm.uasset" 523
"../../../Engine/Plugins/Animation/ControlRig/Content/Controls/ControlRig_Arrow2_1mm.ubulk" 524
"../../../Engine/Plugins/Animation/ControlRig/Content/Controls/ControlRig_Arrow2_1mm.uexp" 525
"../../../Engine/Plugins/Animation/ControlRig/Content/Controls/ControlRigXRayMaterial.uasset" 526
"../../../Engine/Plugins/Animation/ControlRig/Content/Controls/ControlRigXRayMaterial.uexp" 527
"../../../Engine/Plugins/Animation/ControlRig/Content/Controls/ControlRigGizmoMaterial.uasset" 528
"../../../Engine/Plugins/Animation/ControlRig/Content/Controls/ControlRigGizmoMaterial.uexp" 529
"../../../Engine/Plugins/Editor/SpeedTreeImporter/Content/SpeedTree9/game_wind_noise.uasset" 530
"../../../Engine/Plugins/Editor/SpeedTreeImporter/Content/SpeedTree9/game_wind_noise.ubulk" 531
"../../../Engine/Plugins/Editor/SpeedTreeImporter/Content/SpeedTree9/game_wind_noise.uexp" 532
"../../../Engine/Plugins/Editor/SpeedTreeImporter/Content/SpeedTree9/UnpackDirection.uasset" 533
"../../../Engine/Plugins/Editor/SpeedTreeImporter/Content/SpeedTree9/UnpackDirection.uexp" 534
"../../../Engine/Content/Functions/Engine_MaterialFunctions02/ObjectLocalBounds.uasset" 535
"../../../Engine/Content/Functions/Engine_MaterialFunctions02/ObjectLocalBounds.uexp" 536
"../../../Engine/Content/Functions/Engine_MaterialFunctions02/UVs/BoundingBoxBased_0-1_UVW.uasset" 537
"../../../Engine/Content/Functions/Engine_MaterialFunctions02/UVs/BoundingBoxBased_0-1_UVW.uexp" 538
"../../../Engine/Content/Functions/Engine_MaterialFunctions02/Utility/VectorLength.uasset" 539
"../../../Engine/Content/Functions/Engine_MaterialFunctions02/Utility/VectorLength.uexp" 540
"../../../Engine/Plugins/Editor/SpeedTreeImporter/Content/SpeedTree9/UnpackInteger3.uasset" 541
"../../../Engine/Plugins/Editor/SpeedTreeImporter/Content/SpeedTree9/UnpackInteger3.uexp" 542
"../../../Engine/Plugins/Editor/SpeedTreeImporter/Content/SpeedTree9/SpeedTreeCameraFacing.uasset" 543
"../../../Engine/Plugins/Editor/SpeedTreeImporter/Content/SpeedTree9/SpeedTreeCameraFacing.uexp" 544
"../../../Engine/Content/Functions/Engine_MaterialFunctions02/WorldPositionOffset/ObjectScale.uasset" 545
"../../../Engine/Content/Functions/Engine_MaterialFunctions02/WorldPositionOffset/ObjectScale.uexp" 546
"../../../Engine/Content/Functions/Engine_MaterialFunctions02/SafeNormalize.uasset" 547
"../../../Engine/Content/Functions/Engine_MaterialFunctions02/SafeNormalize.uexp" 548
"../../../Engine/Plugins/Editor/SpeedTreeImporter/Content/SpeedTree9/SpeedTreeWindMotion.uasset" 549
"../../../Engine/Plugins/Editor/SpeedTreeImporter/Content/SpeedTree9/SpeedTreeWindMotion.uexp" 550
"../../../Engine/Plugins/Editor/SpeedTreeImporter/Content/SpeedTree9/SpeedTreeBranchMotion.uasset" 551
"../../../Engine/Plugins/Editor/SpeedTreeImporter/Content/SpeedTree9/SpeedTreeBranchMotion.uexp" 552
"../../../Engine/Plugins/Editor/SpeedTreeImporter/Content/SpeedTree9/SpeedTreeWind.uasset" 553
"../../../Engine/Plugins/Editor/SpeedTreeImporter/Content/SpeedTree9/SpeedTreeWind.uexp" 554
"../../../Engine/Plugins/Editor/SpeedTreeImporter/Content/SpeedTree9/EmptyNormal.uasset" 555
"../../../Engine/Plugins/Editor/SpeedTreeImporter/Content/SpeedTree9/EmptyNormal.uexp" 556
"../../../Engine/Plugins/Editor/SpeedTreeImporter/Content/SpeedTree9/Empty.uasset" 557
"../../../Engine/Plugins/Editor/SpeedTreeImporter/Content/SpeedTree9/Empty.uexp" 558
"../../../Engine/Plugins/Editor/SpeedTreeImporter/Content/SpeedTree9/SpeedTreeMaster.uasset" 559
"../../../Engine/Plugins/Editor/SpeedTreeImporter/Content/SpeedTree9/SpeedTreeMaster.uexp" 560
"../../../Engine/Plugins/Editor/SpeedTreeImporter/Content/SpeedTree9/SpeedTreeBillboard.uasset" 561
"../../../Engine/Plugins/Editor/SpeedTreeImporter/Content/SpeedTree9/SpeedTreeBillboard.uexp" 562
"../../../Engine/Plugins/Editor/SpeedTreeImporter/Content/SpeedTree9/SpeedTreeBillboardMaster.uasset" 563
"../../../Engine/Plugins/Editor/SpeedTreeImporter/Content/SpeedTree9/SpeedTreeBillboardMaster.uexp" 564
"../../../Engine/Content/Functions/Engine_MaterialFunctions02/Texturing/CustomRotator.uasset" 565
"../../../Engine/Content/Functions/Engine_MaterialFunctions02/Texturing/CustomRotator.uexp" 566
"../../../Engine/Content/Functions/Engine_MaterialFunctions02/Texturing/ScreenAlignedPixelToPixelUVs.uasset" 567
"../../../Engine/Content/Functions/Engine_MaterialFunctions02/Texturing/ScreenAlignedPixelToPixelUVs.uexp" 568
"../../../Engine/Plugins/Interchange/Runtime/Content/Utilities/T_Bayer64_Grayscale_64px.uasset" 569
"../../../Engine/Plugins/Interchange/Runtime/Content/Utilities/T_Bayer64_Grayscale_64px.uexp" 570
"../../../Engine/Plugins/Interchange/Runtime/Content/gltf/MaterialFunctions/MF_Temporal_Blur.uasset" 571
"../../../Engine/Plugins/Interchange/Runtime/Content/gltf/MaterialFunctions/MF_Temporal_Blur.uexp" 572
"../../../Engine/Plugins/Interchange/Runtime/Content/gltf/MaterialFunctions/MF_Fresnel_DS.uasset" 573
"../../../Engine/Plugins/Interchange/Runtime/Content/gltf/MaterialFunctions/MF_Fresnel_DS.uexp" 574
"../../../Engine/Plugins/Interchange/Runtime/Content/Functions/MX_Transmission.uasset" 575
"../../../Engine/Plugins/Interchange/Runtime/Content/Functions/MX_Transmission.uexp" 576
"../../../Engine/Plugins/Interchange/Runtime/Content/Functions/MF_OrenNayerView.uasset" 577
"../../../Engine/Plugins/Interchange/Runtime/Content/Functions/MF_OrenNayerView.uexp" 578
"../../../Engine/Plugins/Interchange/Runtime/Content/Functions/MF_SchlickApprox.uasset" 579
"../../../Engine/Plugins/Interchange/Runtime/Content/Functions/MF_SchlickApprox.uexp" 580
"../../../Engine/Plugins/Interchange/Runtime/Content/Utilities/New_LUT.uasset" 581
"../../../Engine/Plugins/Interchange/Runtime/Content/Utilities/New_LUT.uexp" 582
"../../../Engine/Content/Functions/Engine_MaterialFunctions03/Math/RemapValueRange.uasset" 583
"../../../Engine/Content/Functions/Engine_MaterialFunctions03/Math/RemapValueRange.uexp" 584
"../../../Engine/Plugins/Interchange/Runtime/Content/Functions/MF_Iridescence.uasset" 585
"../../../Engine/Plugins/Interchange/Runtime/Content/Functions/MF_Iridescence.uexp" 586
"../../../Engine/Plugins/Interchange/Runtime/Content/Functions/MX_StandardSurface.uasset" 587
"../../../Engine/Plugins/Interchange/Runtime/Content/Functions/MX_StandardSurface.uexp" 588
"../../../Engine/Plugins/Interchange/Runtime/Content/Functions/MX_TransmissionSurface.uasset" 589
"../../../Engine/Plugins/Interchange/Runtime/Content/Functions/MX_TransmissionSurface.uexp" 590
"../../../Engine/Content/Functions/Engine_MaterialFunctions02/Math/AddComponents.uasset" 591
"../../../Engine/Content/Functions/Engine_MaterialFunctions02/Math/AddComponents.uexp" 592
"../../../Engine/Content/Functions/Engine_MaterialFunctions02/WorldPositionOffset/V2/ObjectScale.uasset" 593
"../../../Engine/Content/Functions/Engine_MaterialFunctions02/WorldPositionOffset/V2/ObjectScale.uexp" 594
"../../../Engine/Plugins/Interchange/Runtime/Content/gltf/MaterialFunctions/MF_TransmissionOpacity.uasset" 595
"../../../Engine/Plugins/Interchange/Runtime/Content/gltf/MaterialFunctions/MF_TransmissionOpacity.uexp" 596
"../../../Engine/Plugins/Interchange/Runtime/Content/gltf/MaterialFunctions/MF_RotateV2.uasset" 597
"../../../Engine/Plugins/Interchange/Runtime/Content/gltf/MaterialFunctions/MF_RotateV2.uexp" 598
"../../../Engine/Plugins/Interchange/Runtime/Content/gltf/MaterialFunctions/MF_TransformUVs.uasset" 599
"../../../Engine/Plugins/Interchange/Runtime/Content/gltf/MaterialFunctions/MF_TransformUVs.uexp" 600
"../../../Engine/Plugins/Interchange/Runtime/Content/gltf/Textures/T_White_srgb.uasset" 601
"../../../Engine/Plugins/Interchange/Runtime/Content/gltf/Textures/T_White_srgb.uexp" 602
"../../../Engine/Plugins/Interchange/Runtime/Content/gltf/MaterialFunctions/MF_BaseColor.uasset" 603
"../../../Engine/Plugins/Interchange/Runtime/Content/gltf/MaterialFunctions/MF_BaseColor.uexp" 604
"../../../Engine/Plugins/Interchange/Runtime/Content/gltf/MaterialFunctions/MF_DiffuseSpecGloss.uasset" 605
"../../../Engine/Plugins/Interchange/Runtime/Content/gltf/MaterialFunctions/MF_DiffuseSpecGloss.uexp" 606
"../../../Engine/Plugins/Interchange/Runtime/Content/gltf/Textures/T_White_Linear.uasset" 607
"../../../Engine/Plugins/Interchange/Runtime/Content/gltf/Textures/T_White_Linear.uexp" 608
"../../../Engine/Plugins/Interchange/Runtime/Content/gltf/MaterialFunctions/MF_MetallicRoughness.uasset" 609
"../../../Engine/Plugins/Interchange/Runtime/Content/gltf/MaterialFunctions/MF_MetallicRoughness.uexp" 610
"../../../Engine/Plugins/Interchange/Runtime/Content/gltf/MaterialFunctions/MF_Transmission.uasset" 611
"../../../Engine/Plugins/Interchange/Runtime/Content/gltf/MaterialFunctions/MF_Transmission.uexp" 612
"../../../Engine/Plugins/Interchange/Runtime/Content/gltf/MaterialFunctions/MF_Occlusion.uasset" 613
"../../../Engine/Plugins/Interchange/Runtime/Content/gltf/MaterialFunctions/MF_Occlusion.uexp" 614
"../../../Engine/Plugins/Interchange/Runtime/Content/gltf/MaterialFunctions/MF_Specular.uasset" 615
"../../../Engine/Plugins/Interchange/Runtime/Content/gltf/MaterialFunctions/MF_Specular.uexp" 616
"../../../Engine/Plugins/Interchange/Runtime/Content/gltf/MaterialFunctions/MF_IOR.uasset" 617
"../../../Engine/Plugins/Interchange/Runtime/Content/gltf/MaterialFunctions/MF_IOR.uexp" 618
"../../../Engine/Content/Functions/Engine_MaterialFunctions01/Texturing/FlattenNormal.uasset" 619
"../../../Engine/Content/Functions/Engine_MaterialFunctions01/Texturing/FlattenNormal.uexp" 620
"../../../Engine/Content/Functions/Engine_MaterialFunctions02/Math/Transform3x3Matrix.uasset" 621
"../../../Engine/Content/Functions/Engine_MaterialFunctions02/Math/Transform3x3Matrix.uexp" 622
"../../../Engine/Plugins/Interchange/Runtime/Content/gltf/MaterialFunctions/MF_RotateNormals_TS.uasset" 623
"../../../Engine/Plugins/Interchange/Runtime/Content/gltf/MaterialFunctions/MF_RotateNormals_TS.uexp" 624
"../../../Engine/Plugins/Interchange/Runtime/Content/gltf/Textures/T_Generic_N.uasset" 625
"../../../Engine/Plugins/Interchange/Runtime/Content/gltf/Textures/T_Generic_N.uexp" 626
"../../../Engine/Plugins/Interchange/Runtime/Content/gltf/MaterialFunctions/MF_Normals.uasset" 627
"../../../Engine/Plugins/Interchange/Runtime/Content/gltf/MaterialFunctions/MF_Normals.uexp" 628
"../../../Engine/Plugins/Interchange/Runtime/Content/gltf/MaterialFunctions/MF_PerceivedBrightness.uasset" 629
"../../../Engine/Plugins/Interchange/Runtime/Content/gltf/MaterialFunctions/MF_PerceivedBrightness.uexp" 630
"../../../Engine/Plugins/Interchange/Runtime/Content/gltf/MaterialFunctions/MF_SpecGlossToMetalRoughness.uasset" 631
"../../../Engine/Plugins/Interchange/Runtime/Content/gltf/MaterialFunctions/MF_SpecGlossToMetalRoughness.uexp" 632
"../../../Engine/Plugins/Interchange/Runtime/Content/gltf/M_Transmission.uasset" 633
"../../../Engine/Plugins/Interchange/Runtime/Content/gltf/M_Transmission.uexp" 634
"../../../Engine/Plugins/Interchange/Runtime/Content/gltf/MaterialInstances_MR/MI_Transmission_TS.uasset" 635
"../../../Engine/Plugins/Interchange/Runtime/Content/gltf/MaterialInstances_MR/MI_Transmission_TS.uexp" 636
"../../../Engine/Plugins/Interchange/Runtime/Content/gltf/MaterialInstances_MR/MI_Transmission.uasset" 637
"../../../Engine/Plugins/Interchange/Runtime/Content/gltf/MaterialInstances_MR/MI_Transmission.uexp" 638
"../../../Engine/Plugins/Interchange/Runtime/Content/gltf/MaterialFunctions/MF_Clearcoat.uasset" 639
"../../../Engine/Plugins/Interchange/Runtime/Content/gltf/MaterialFunctions/MF_Clearcoat.uexp" 640
"../../../Engine/Plugins/Interchange/Runtime/Content/gltf/MaterialFunctions/MF_Emissive.uasset" 641
"../../../Engine/Plugins/Interchange/Runtime/Content/gltf/MaterialFunctions/MF_Emissive.uexp" 642
"../../../Engine/Plugins/Interchange/Runtime/Content/gltf/M_Translucent.uasset" 643
"../../../Engine/Plugins/Interchange/Runtime/Content/gltf/M_Translucent.uexp" 644
"../../../Engine/Plugins/Interchange/Runtime/Content/gltf/MaterialInstances_MR/MI_Translucent_TS.uasset" 645
"../../../Engine/Plugins/Interchange/Runtime/Content/gltf/MaterialInstances_MR/MI_Translucent_TS.uexp" 646
"../../../Engine/Plugins/Interchange/Runtime/Content/gltf/MaterialInstances_MR/MI_Translucent_ClearCoat_TS.uasset" 647
"../../../Engine/Plugins/Interchange/Runtime/Content/gltf/MaterialInstances_MR/MI_Translucent_ClearCoat_TS.uexp" 648
"../../../Engine/Plugins/Interchange/Runtime/Content/gltf/MaterialInstances_MR/MI_Translucent_ClearCoat.uasset" 649
"../../../Engine/Plugins/Interchange/Runtime/Content/gltf/MaterialInstances_MR/MI_Translucent_ClearCoat.uexp" 650
"../../../Engine/Plugins/Interchange/Runtime/Content/gltf/MaterialInstances_MR/MI_Translucent.uasset" 651
"../../../Engine/Plugins/Interchange/Runtime/Content/gltf/MaterialInstances_MR/MI_Translucent.uexp" 652
"../../../Engine/Plugins/Interchange/Runtime/Content/gltf/M_Unlit.uasset" 653
"../../../Engine/Plugins/Interchange/Runtime/Content/gltf/M_Unlit.uexp" 654
"../../../Engine/Plugins/Interchange/Runtime/Content/gltf/MaterialInstances_MR/MI_Opaque_Unlit_TS.uasset" 655
"../../../Engine/Plugins/Interchange/Runtime/Content/gltf/MaterialInstances_MR/MI_Opaque_Unlit_TS.uexp" 656
"../../../Engine/Plugins/Interchange/Runtime/Content/gltf/MaterialInstances_MR/MI_Opaque_Unlit.uasset" 657
"../../../Engine/Plugins/Interchange/Runtime/Content/gltf/MaterialInstances_MR/MI_Opaque_Unlit.uexp" 658
"../../../Engine/Plugins/Interchange/Runtime/Content/gltf/M_Opaque.uasset" 659
"../../../Engine/Plugins/Interchange/Runtime/Content/gltf/M_Opaque.uexp" 660
"../../../Engine/Plugins/Interchange/Runtime/Content/gltf/MaterialInstances_MR/MI_Opaque_TS.uasset" 661
"../../../Engine/Plugins/Interchange/Runtime/Content/gltf/MaterialInstances_MR/MI_Opaque_TS.uexp" 662
"../../../Engine/Plugins/Interchange/Runtime/Content/gltf/MaterialFunctions/MF_Sheen.uasset" 663
"../../../Engine/Plugins/Interchange/Runtime/Content/gltf/MaterialFunctions/MF_Sheen.uexp" 664
"../../../Engine/Content/Functions/Engine_MaterialFunctions01/Shading/FuzzyShading.uasset" 665
"../../../Engine/Content/Functions/Engine_MaterialFunctions01/Shading/FuzzyShading.uexp" 666
"../../../Engine/Plugins/Interchange/Runtime/Content/gltf/M_Sheen.uasset" 667
"../../../Engine/Plugins/Interchange/Runtime/Content/gltf/M_Sheen.uexp" 668
"../../../Engine/Plugins/Interchange/Runtime/Content/gltf/MaterialInstances_MR/MI_Opaque_Sheen_TS.uasset" 669
"../../../Engine/Plugins/Interchange/Runtime/Content/gltf/MaterialInstances_MR/MI_Opaque_Sheen_TS.uexp" 670
"../../../Engine/Plugins/Interchange/Runtime/Content/gltf/MaterialInstances_MR/MI_Opaque_Sheen.uasset" 671
"../../../Engine/Plugins/Interchange/Runtime/Content/gltf/MaterialInstances_MR/MI_Opaque_Sheen.uexp" 672
"../../../Engine/Plugins/Interchange/Runtime/Content/gltf/MaterialInstances_MR/MI_Opaque_ClearCoat_TS.uasset" 673
"../../../Engine/Plugins/Interchange/Runtime/Content/gltf/MaterialInstances_MR/MI_Opaque_ClearCoat_TS.uexp" 674
"../../../Engine/Plugins/Interchange/Runtime/Content/gltf/MaterialInstances_MR/MI_Opaque_ClearCoat.uasset" 675
"../../../Engine/Plugins/Interchange/Runtime/Content/gltf/MaterialInstances_MR/MI_Opaque_ClearCoat.uexp" 676
"../../../Engine/Plugins/Interchange/Runtime/Content/gltf/MaterialInstances_MR/MI_Opaque.uasset" 677
"../../../Engine/Plugins/Interchange/Runtime/Content/gltf/MaterialInstances_MR/MI_Opaque.uexp" 678
"../../../Engine/Plugins/Interchange/Runtime/Content/gltf/MaterialInstances_SG/MI_Transmission_TS.uasset" 679
"../../../Engine/Plugins/Interchange/Runtime/Content/gltf/MaterialInstances_SG/MI_Transmission_TS.uexp" 680
"../../../Engine/Plugins/Interchange/Runtime/Content/gltf/MaterialInstances_SG/MI_Transmission.uasset" 681
"../../../Engine/Plugins/Interchange/Runtime/Content/gltf/MaterialInstances_SG/MI_Transmission.uexp" 682
"../../../Engine/Plugins/Interchange/Runtime/Content/gltf/MaterialInstances_SG/MI_Translucent_TS.uasset" 683
"../../../Engine/Plugins/Interchange/Runtime/Content/gltf/MaterialInstances_SG/MI_Translucent_TS.uexp" 684
"../../../Engine/Plugins/Interchange/Runtime/Content/gltf/MaterialInstances_SG/MI_Translucent_ClearCoat_TS.uasset" 685
"../../../Engine/Plugins/Interchange/Runtime/Content/gltf/MaterialInstances_SG/MI_Translucent_ClearCoat_TS.uexp" 686
"../../../Engine/Plugins/Interchange/Runtime/Content/gltf/MaterialInstances_SG/MI_Translucent_ClearCoat.uasset" 687
"../../../Engine/Plugins/Interchange/Runtime/Content/gltf/MaterialInstances_SG/MI_Translucent_ClearCoat.uexp" 688
"../../../Engine/Plugins/Interchange/Runtime/Content/gltf/MaterialInstances_SG/MI_Translucent.uasset" 689
"../../../Engine/Plugins/Interchange/Runtime/Content/gltf/MaterialInstances_SG/MI_Translucent.uexp" 690
"../../../Engine/Plugins/Interchange/Runtime/Content/gltf/MaterialInstances_SG/MI_Opaque_TS.uasset" 691
"../../../Engine/Plugins/Interchange/Runtime/Content/gltf/MaterialInstances_SG/MI_Opaque_TS.uexp" 692
"../../../Engine/Plugins/Interchange/Runtime/Content/gltf/MaterialInstances_SG/MI_Opaque_Sheen_TS.uasset" 693
"../../../Engine/Plugins/Interchange/Runtime/Content/gltf/MaterialInstances_SG/MI_Opaque_Sheen_TS.uexp" 694
"../../../Engine/Plugins/Interchange/Runtime/Content/gltf/MaterialInstances_SG/MI_Opaque_Sheen.uasset" 695
"../../../Engine/Plugins/Interchange/Runtime/Content/gltf/MaterialInstances_SG/MI_Opaque_Sheen.uexp" 696
"../../../Engine/Plugins/Interchange/Runtime/Content/gltf/MaterialInstances_SG/MI_Opaque_ClearCoat_TS.uasset" 697
"../../../Engine/Plugins/Interchange/Runtime/Content/gltf/MaterialInstances_SG/MI_Opaque_ClearCoat_TS.uexp" 698
"../../../Engine/Plugins/Interchange/Runtime/Content/gltf/MaterialInstances_SG/MI_Opaque_ClearCoat.uasset" 699
"../../../Engine/Plugins/Interchange/Runtime/Content/gltf/MaterialInstances_SG/MI_Opaque_ClearCoat.uexp" 700
"../../../Engine/Plugins/Interchange/Runtime/Content/gltf/MaterialInstances_SG/MI_Opaque.uasset" 701
"../../../Engine/Plugins/Interchange/Runtime/Content/gltf/MaterialInstances_SG/MI_Opaque.uexp" 702
"../../../Engine/Plugins/Interchange/Runtime/Content/gltf/Textures/T_Gray_Linear.uasset" 703
"../../../Engine/Plugins/Interchange/Runtime/Content/gltf/Textures/T_Gray_Linear.uexp" 704
"../../../Engine/Plugins/Interchange/Runtime/Content/gltf/Textures/T_Black_srgb.uasset" 705
"../../../Engine/Plugins/Interchange/Runtime/Content/gltf/Textures/T_Black_srgb.uexp" 706
"../../../Engine/Plugins/Interchange/Runtime/Content/Materials/UnlitMaterial.uasset" 707
"../../../Engine/Plugins/Interchange/Runtime/Content/Materials/UnlitMaterial.uexp" 708
"../../../Engine/Content/EngineMaterials/DefaultNormal.uasset" 709
"../../../Engine/Content/EngineMaterials/DefaultNormal.ubulk" 710
"../../../Engine/Content/EngineMaterials/DefaultNormal.uexp" 711
"../../../Engine/Plugins/Interchange/Runtime/Content/Materials/MapOrScalarFunction.uasset" 712
"../../../Engine/Plugins/Interchange/Runtime/Content/Materials/MapOrScalarFunction.uexp" 713
"../../../Engine/Plugins/Interchange/Runtime/Content/Materials/MapOrLinearColorFunction.uasset" 714
"../../../Engine/Plugins/Interchange/Runtime/Content/Materials/MapOrLinearColorFunction.uexp" 715
"../../../Engine/Plugins/Interchange/Runtime/Content/Materials/MapOrColorFunction.uasset" 716
"../../../Engine/Plugins/Interchange/Runtime/Content/Materials/MapOrColorFunction.uexp" 717
"../../../Engine/Plugins/Interchange/Runtime/Content/Materials/CommonMaterial.uasset" 718
"../../../Engine/Plugins/Interchange/Runtime/Content/Materials/CommonMaterial.uexp" 719
"../../../Engine/Plugins/Interchange/Runtime/Content/Materials/PBRSurfaceFunction.uasset" 720
"../../../Engine/Plugins/Interchange/Runtime/Content/Materials/PBRSurfaceFunction.uexp" 721
"../../../Engine/Plugins/Interchange/Runtime/Content/Materials/ThinTranslucentMaterial.uasset" 722
"../../../Engine/Plugins/Interchange/Runtime/Content/Materials/ThinTranslucentMaterial.uexp" 723
"../../../Engine/Plugins/Interchange/Runtime/Content/Materials/SubsurfaceMaterial.uasset" 724
"../../../Engine/Plugins/Interchange/Runtime/Content/Materials/SubsurfaceMaterial.uexp" 725
"../../../Engine/Plugins/Interchange/Runtime/Content/Materials/SheenMaterial.uasset" 726
"../../../Engine/Plugins/Interchange/Runtime/Content/Materials/SheenMaterial.uexp" 727
"../../../Engine/Content/Functions/Engine_MaterialFunctions01/Shading/ConvertFromDiffSpec.uasset" 728
"../../../Engine/Content/Functions/Engine_MaterialFunctions01/Shading/ConvertFromDiffSpec.uexp" 729
"../../../Engine/Plugins/Interchange/Runtime/Content/Materials/PhongSurfaceMaterial.uasset" 730
"../../../Engine/Plugins/Interchange/Runtime/Content/Materials/PhongSurfaceMaterial.uexp" 731
"../../../Engine/Plugins/Interchange/Runtime/Content/Materials/PBRSurfaceMaterial.uasset" 732
"../../../Engine/Plugins/Interchange/Runtime/Content/Materials/PBRSurfaceMaterial.uexp" 733
"../../../Engine/Content/EngineMaterials/FlatNormal.uasset" 734
"../../../Engine/Content/EngineMaterials/FlatNormal.uexp" 735
"../../../Engine/Content/EditorLandscapeResources/WhiteSquareTexture.uasset" 736
"../../../Engine/Content/EditorLandscapeResources/WhiteSquareTexture.uexp" 737
"../../../Engine/Plugins/Interchange/Runtime/Content/Materials/OrenNayerMaterial.uasset" 738
"../../../Engine/Plugins/Interchange/Runtime/Content/Materials/OrenNayerMaterial.uexp" 739
"../../../Engine/Plugins/Interchange/Runtime/Content/Materials/LambertSurfaceMaterial.uasset" 740
"../../../Engine/Plugins/Interchange/Runtime/Content/Materials/LambertSurfaceMaterial.uexp" 741
"../../../Engine/Plugins/Interchange/Runtime/Content/Materials/ClearCoatMaterial.uasset" 742
"../../../Engine/Plugins/Interchange/Runtime/Content/Materials/ClearCoatMaterial.uexp" 743
"../../../Engine/Plugins/Interchange/Runtime/Content/Pipelines/DefaultTexturePipeline.uasset" 744
"../../../Engine/Plugins/Interchange/Runtime/Content/Pipelines/DefaultTexturePipeline.uexp" 745
"../../../Engine/Plugins/Interchange/Runtime/Content/Pipelines/DefaultSceneLevelPipeline.uasset" 746
"../../../Engine/Plugins/Interchange/Runtime/Content/Pipelines/DefaultSceneLevelPipeline.uexp" 747
"../../../Engine/Plugins/Interchange/Runtime/Content/Pipelines/DefaultSceneAssetsPipeline.uasset" 748
"../../../Engine/Plugins/Interchange/Runtime/Content/Pipelines/DefaultSceneAssetsPipeline.uexp" 749
"../../../Engine/Plugins/Interchange/Runtime/Content/Pipelines/DefaultMaterialPipeline.uasset" 750
"../../../Engine/Plugins/Interchange/Runtime/Content/Pipelines/DefaultMaterialPipeline.uexp" 751
"../../../Engine/Plugins/Interchange/Runtime/Content/Pipelines/DefaultAssetsPipeline.uasset" 752
"../../../Engine/Plugins/Interchange/Runtime/Content/Pipelines/DefaultAssetsPipeline.uexp" 753
"../../../Engine/Plugins/Runtime/MeshModelingToolset/Content/Materials/M_DynamicMeshComponentVtxColor.uasset" 754
"../../../Engine/Plugins/Runtime/MeshModelingToolset/Content/Materials/M_DynamicMeshComponentVtxColor.uexp" 755
"F:/Jams/MegaJam/MegaJamProject/Content/LevelPrototyping/Textures/T_GridChecker_A.uasset" 756
"F:/Jams/MegaJam/MegaJamProject/Content/LevelPrototyping/Textures/T_GridChecker_A.ubulk" 757
"F:/Jams/MegaJam/MegaJamProject/Content/LevelPrototyping/Textures/T_GridChecker_A.uexp" 758
"../../../Engine/Content/Functions/Engine_MaterialFunctions01/Gradient/LinearGradient.uasset" 759
"../../../Engine/Content/Functions/Engine_MaterialFunctions01/Gradient/LinearGradient.uexp" 760
"../../../Engine/Content/Functions/Engine_MaterialFunctions01/ImageAdjustment/CheapContrast.uasset" 761
"../../../Engine/Content/Functions/Engine_MaterialFunctions01/ImageAdjustment/CheapContrast.uexp" 762
"F:/Jams/MegaJam/MegaJamProject/Content/LevelPrototyping/Materials/MF_ProcGrid.uasset" 763
"F:/Jams/MegaJam/MegaJamProject/Content/LevelPrototyping/Materials/MF_ProcGrid.uexp" 764
"F:/Jams/MegaJam/MegaJamProject/Content/LevelPrototyping/Materials/M_PrototypeGrid.uasset" 765
"F:/Jams/MegaJam/MegaJamProject/Content/LevelPrototyping/Materials/M_PrototypeGrid.uexp" 766
"F:/Jams/MegaJam/MegaJamProject/Content/LevelPrototyping/Materials/MI_PrototypeGrid_TopDark.uasset" 767
"F:/Jams/MegaJam/MegaJamProject/Content/LevelPrototyping/Materials/MI_PrototypeGrid_TopDark.uexp" 768
"F:/Jams/MegaJam/MegaJamProject/Content/LevelPrototyping/Materials/MI_PrototypeGrid_Gray.uasset" 769
"F:/Jams/MegaJam/MegaJamProject/Content/LevelPrototyping/Materials/MI_PrototypeGrid_Gray.uexp" 770
"F:/Jams/MegaJam/MegaJamProject/Content/LevelPrototyping/Meshes/SM_Ramp.uasset" 771
"F:/Jams/MegaJam/MegaJamProject/Content/LevelPrototyping/Meshes/SM_Ramp.ubulk" 772
"F:/Jams/MegaJam/MegaJamProject/Content/LevelPrototyping/Meshes/SM_Ramp.uexp" 773
"F:/Jams/MegaJam/MegaJamProject/Content/LevelPrototyping/Meshes/SM_QuarterCylinder.uasset" 774
"F:/Jams/MegaJam/MegaJamProject/Content/LevelPrototyping/Meshes/SM_QuarterCylinder.ubulk" 775
"F:/Jams/MegaJam/MegaJamProject/Content/LevelPrototyping/Meshes/SM_QuarterCylinder.uexp" 776
"F:/Jams/MegaJam/MegaJamProject/Content/LevelPrototyping/Meshes/SM_Cube.uasset" 777
"F:/Jams/MegaJam/MegaJamProject/Content/LevelPrototyping/Meshes/SM_Cube.ubulk" 778
"F:/Jams/MegaJam/MegaJamProject/Content/LevelPrototyping/Meshes/SM_Cube.uexp" 779
"F:/Jams/MegaJam/MegaJamProject/Content/LevelPrototyping/Materials/M_Solid.uasset" 780
"F:/Jams/MegaJam/MegaJamProject/Content/LevelPrototyping/Materials/M_Solid.uexp" 781
"F:/Jams/MegaJam/MegaJamProject/Content/LevelPrototyping/Materials/MI_Solid_Blue.uasset" 782
"F:/Jams/MegaJam/MegaJamProject/Content/LevelPrototyping/Materials/MI_Solid_Blue.uexp" 783
"F:/Jams/MegaJam/MegaJamProject/Content/LevelPrototyping/Meshes/SM_ChamferCube.uasset" 784
"F:/Jams/MegaJam/MegaJamProject/Content/LevelPrototyping/Meshes/SM_ChamferCube.ubulk" 785
"F:/Jams/MegaJam/MegaJamProject/Content/LevelPrototyping/Meshes/SM_ChamferCube.uexp" 786
"F:/Jams/MegaJam/MegaJamProject/Content/Characters/Mannequin_UE4/Textures/T_UELogo_N_TGA.uasset" 787
"F:/Jams/MegaJam/MegaJamProject/Content/Characters/Mannequin_UE4/Textures/T_UELogo_N_TGA.ubulk" 788
"F:/Jams/MegaJam/MegaJamProject/Content/Characters/Mannequin_UE4/Textures/T_UELogo_N_TGA.uexp" 789
"F:/Jams/MegaJam/MegaJamProject/Content/Characters/Mannequin_UE4/Textures/T_UE4_Mannequin__normals.uasset" 790
"F:/Jams/MegaJam/MegaJamProject/Content/Characters/Mannequin_UE4/Textures/T_UE4_Mannequin__normals.ubulk" 791
"F:/Jams/MegaJam/MegaJamProject/Content/Characters/Mannequin_UE4/Textures/T_UE4_Mannequin__normals.uexp" 792
"F:/Jams/MegaJam/MegaJamProject/Content/Characters/Mannequin_UE4/Materials/Layers/ML_ShinyPlastic_Beige.uasset" 793
"F:/Jams/MegaJam/MegaJamProject/Content/Characters/Mannequin_UE4/Materials/Layers/ML_ShinyPlastic_Beige.uexp" 794
"../../../Engine/Content/Functions/Engine_MaterialFunctions02/Utility/BlendAngleCorrectedNormals.uasset" 795
"../../../Engine/Content/Functions/Engine_MaterialFunctions02/Utility/BlendAngleCorrectedNormals.uexp" 796
"../../../Engine/Content/Functions/MaterialLayerFunctions/MatLayerBlend_NormalBlend.uasset" 797
"../../../Engine/Content/Functions/MaterialLayerFunctions/MatLayerBlend_NormalBlend.uexp" 798
"F:/Jams/MegaJam/MegaJamProject/Content/Characters/Mannequin_UE4/Textures/T_UELogo_Mask.uasset" 799
"F:/Jams/MegaJam/MegaJamProject/Content/Characters/Mannequin_UE4/Textures/T_UELogo_Mask.ubulk" 800
"F:/Jams/MegaJam/MegaJamProject/Content/Characters/Mannequin_UE4/Textures/T_UELogo_Mask.uexp" 801
"F:/Jams/MegaJam/MegaJamProject/Content/Characters/Mannequin_UE4/Materials/Layers/ML_ShinyPlastic_Beige_Logo.uasset" 802
"F:/Jams/MegaJam/MegaJamProject/Content/Characters/Mannequin_UE4/Materials/Layers/ML_ShinyPlastic_Beige_Logo.uexp" 803
"F:/Jams/MegaJam/MegaJamProject/Content/Characters/Mannequin_UE4/Textures/T_UE4_Mannequin_MAT_MASKA.uasset" 804
"F:/Jams/MegaJam/MegaJamProject/Content/Characters/Mannequin_UE4/Textures/T_UE4_Mannequin_MAT_MASKA.ubulk" 805
"F:/Jams/MegaJam/MegaJamProject/Content/Characters/Mannequin_UE4/Textures/T_UE4_Mannequin_MAT_MASKA.uexp" 806
"F:/Jams/MegaJam/MegaJamProject/Content/Characters/Mannequin_UE4/Textures/T_ML_Aluminum01_N.uasset" 807
"F:/Jams/MegaJam/MegaJamProject/Content/Characters/Mannequin_UE4/Textures/T_ML_Aluminum01_N.ubulk" 808
"F:/Jams/MegaJam/MegaJamProject/Content/Characters/Mannequin_UE4/Textures/T_ML_Aluminum01_N.uexp" 809
"F:/Jams/MegaJam/MegaJamProject/Content/Characters/Mannequin_UE4/Textures/T_ML_Aluminum01.uasset" 810
"F:/Jams/MegaJam/MegaJamProject/Content/Characters/Mannequin_UE4/Textures/T_ML_Aluminum01.ubulk" 811
"F:/Jams/MegaJam/MegaJamProject/Content/Characters/Mannequin_UE4/Textures/T_ML_Aluminum01.uexp" 812
"F:/Jams/MegaJam/MegaJamProject/Content/Characters/Mannequin_UE4/Materials/Layers/ML_SoftMetal.uasset" 813
"F:/Jams/MegaJam/MegaJamProject/Content/Characters/Mannequin_UE4/Materials/Layers/ML_SoftMetal.uexp" 814
"../../../Engine/Content/Functions/MaterialLayerFunctions/MatLayerBlend_Simple.uasset" 815
"../../../Engine/Content/Functions/MaterialLayerFunctions/MatLayerBlend_Simple.uexp" 816
"F:/Jams/MegaJam/MegaJamProject/Content/Characters/Mannequin_UE4/Textures/T_ML_Rubber_Blue_01_N.uasset" 817
"F:/Jams/MegaJam/MegaJamProject/Content/Characters/Mannequin_UE4/Textures/T_ML_Rubber_Blue_01_N.ubulk" 818
"F:/Jams/MegaJam/MegaJamProject/Content/Characters/Mannequin_UE4/Textures/T_ML_Rubber_Blue_01_N.uexp" 819
"F:/Jams/MegaJam/MegaJamProject/Content/Characters/Mannequin_UE4/Textures/T_ML_Rubber_Blue_01_D.uasset" 820
"F:/Jams/MegaJam/MegaJamProject/Content/Characters/Mannequin_UE4/Textures/T_ML_Rubber_Blue_01_D.ubulk" 821
"F:/Jams/MegaJam/MegaJamProject/Content/Characters/Mannequin_UE4/Textures/T_ML_Rubber_Blue_01_D.uexp" 822
"F:/Jams/MegaJam/MegaJamProject/Content/Characters/Mannequin_UE4/Materials/Layers/ML_Latex_Black.uasset" 823
"F:/Jams/MegaJam/MegaJamProject/Content/Characters/Mannequin_UE4/Materials/Layers/ML_Latex_Black.uexp" 824
"F:/Jams/MegaJam/MegaJamProject/Content/Characters/Mannequin_UE4/Materials/M_MannequinUE4_Body.uasset" 825
"F:/Jams/MegaJam/MegaJamProject/Content/Characters/Mannequin_UE4/Materials/M_MannequinUE4_Body.uexp" 826
"F:/Jams/MegaJam/MegaJamProject/Content/Characters/Mannequin_UE4/Materials/M_MannequinUE4_ChestLogo.uasset" 827
"F:/Jams/MegaJam/MegaJamProject/Content/Characters/Mannequin_UE4/Materials/M_MannequinUE4_ChestLogo.uexp" 828
"F:/Jams/MegaJam/MegaJamProject/Content/Characters/Mannequin_UE4/Meshes/SK_Mannequin_PhysicsAsset.uasset" 829
"F:/Jams/MegaJam/MegaJamProject/Content/Characters/Mannequin_UE4/Meshes/SK_Mannequin_PhysicsAsset.uexp" 830
"F:/Jams/MegaJam/MegaJamProject/Content/Characters/Mannequin_UE4/Meshes/SK_Mannequin_Skeleton.uasset" 831
"F:/Jams/MegaJam/MegaJamProject/Content/Characters/Mannequin_UE4/Meshes/SK_Mannequin_Skeleton.uexp" 832
"F:/Jams/MegaJam/MegaJamProject/Content/Characters/Mannequin_UE4/Meshes/SK_Mannequin.uasset" 833
"F:/Jams/MegaJam/MegaJamProject/Content/Characters/Mannequin_UE4/Meshes/SK_Mannequin.uexp" 834
"F:/Jams/MegaJam/MegaJamProject/Content/MegaJam/Interfaces/Interact_BPI.uasset" 835
"F:/Jams/MegaJam/MegaJamProject/Content/MegaJam/Interfaces/Interact_BPI.uexp" 836
"F:/Jams/MegaJam/MegaJamProject/Content/ThirdPerson/Input/Actions/IA_Look.uasset" 837
"F:/Jams/MegaJam/MegaJamProject/Content/ThirdPerson/Input/Actions/IA_Look.uexp" 838
"F:/Jams/MegaJam/MegaJamProject/Content/ThirdPerson/Input/Actions/IA_Move.uasset" 839
"F:/Jams/MegaJam/MegaJamProject/Content/ThirdPerson/Input/Actions/IA_Move.uexp" 840
"F:/Jams/MegaJam/MegaJamProject/Content/MegaJam/Player/Inputs/Actions/Interact_Action.uasset" 841
"F:/Jams/MegaJam/MegaJamProject/Content/MegaJam/Player/Inputs/Actions/Interact_Action.uexp" 842
"F:/Jams/MegaJam/MegaJamProject/Content/MegaJam/Player/Inputs/IMC_Player.uasset" 843
"F:/Jams/MegaJam/MegaJamProject/Content/MegaJam/Player/Inputs/IMC_Player.uexp" 844
"F:/Jams/MegaJam/MegaJamProject/Content/MegaJam/Audio/SFX/Drill_Pickup.uasset" 845
"F:/Jams/MegaJam/MegaJamProject/Content/MegaJam/Audio/SFX/Drill_Pickup.ubulk" 846
"F:/Jams/MegaJam/MegaJamProject/Content/MegaJam/Audio/SFX/Drill_Pickup.uexp" 847
"F:/Jams/MegaJam/MegaJamProject/Content/MegaJam/HUD/Assets/HammerHovered.uasset" 848
"F:/Jams/MegaJam/MegaJamProject/Content/MegaJam/HUD/Assets/HammerHovered.uexp" 849
"F:/Jams/MegaJam/MegaJamProject/Content/MegaJam/Audio/SFX/in_hammer_hit_04_hpx.uasset" 850
"F:/Jams/MegaJam/MegaJamProject/Content/MegaJam/Audio/SFX/in_hammer_hit_04_hpx.ubulk" 851
"F:/Jams/MegaJam/MegaJamProject/Content/MegaJam/Audio/SFX/in_hammer_hit_04_hpx.uexp" 852
"F:/Jams/MegaJam/MegaJamProject/Content/MegaJam/HUD/Assets/ScrewdriverSelected.uasset" 853
"F:/Jams/MegaJam/MegaJamProject/Content/MegaJam/HUD/Assets/ScrewdriverSelected.uexp" 854
"F:/Jams/MegaJam/MegaJamProject/Content/MegaJam/HUD/Assets/Screwdriver.uasset" 855
"F:/Jams/MegaJam/MegaJamProject/Content/MegaJam/HUD/Assets/Screwdriver.uexp" 856
"F:/Jams/MegaJam/MegaJamProject/Content/MegaJam/HUD/Assets/Welder.uasset" 857
"F:/Jams/MegaJam/MegaJamProject/Content/MegaJam/HUD/Assets/Welder.uexp" 858
"F:/Jams/MegaJam/MegaJamProject/Content/MegaJam/HUD/Assets/HammerSelected.uasset" 859
"F:/Jams/MegaJam/MegaJamProject/Content/MegaJam/HUD/Assets/HammerSelected.uexp" 860
"F:/Jams/MegaJam/MegaJamProject/Content/MegaJam/HUD/Assets/WelderHovered.uasset" 861
"F:/Jams/MegaJam/MegaJamProject/Content/MegaJam/HUD/Assets/WelderHovered.uexp" 862
"F:/Jams/MegaJam/MegaJamProject/Content/MegaJam/HUD/Assets/ScrewDriverHovered.uasset" 863
"F:/Jams/MegaJam/MegaJamProject/Content/MegaJam/HUD/Assets/ScrewDriverHovered.uexp" 864
"F:/Jams/MegaJam/MegaJamProject/Content/MegaJam/HUD/Assets/Hammer.uasset" 865
"F:/Jams/MegaJam/MegaJamProject/Content/MegaJam/HUD/Assets/Hammer.uexp" 866
"F:/Jams/MegaJam/MegaJamProject/Content/MegaJam/HUD/Assets/WelderSelected.uasset" 867
"F:/Jams/MegaJam/MegaJamProject/Content/MegaJam/HUD/Assets/WelderSelected.uexp" 868
"F:/Jams/MegaJam/MegaJamProject/Content/MegaJam/Audio/SFX/WelderPickup.uasset" 869
"F:/Jams/MegaJam/MegaJamProject/Content/MegaJam/Audio/SFX/WelderPickup.ubulk" 870
"F:/Jams/MegaJam/MegaJamProject/Content/MegaJam/Audio/SFX/WelderPickup.uexp" 871
"F:/Jams/MegaJam/MegaJamProject/Content/MegaJam/HUD/MainHUD.uasset" 872
"F:/Jams/MegaJam/MegaJamProject/Content/MegaJam/HUD/MainHUD.uexp" 873
"../../../Engine/Content/EditorBlueprintResources/StandardMacros.uasset" 874
"../../../Engine/Content/EditorBlueprintResources/StandardMacros.uexp" 875
"F:/Jams/MegaJam/MegaJamProject/Content/MegaJam/Player/Player_BP.uasset" 876
"F:/Jams/MegaJam/MegaJamProject/Content/MegaJam/Player/Player_BP.uexp" 877
"F:/Jams/MegaJam/MegaJamProject/Content/StarterContent/Textures/T_TableRound_N.uasset" 878
"F:/Jams/MegaJam/MegaJamProject/Content/StarterContent/Textures/T_TableRound_N.ubulk" 879
"F:/Jams/MegaJam/MegaJamProject/Content/StarterContent/Textures/T_TableRound_N.uexp" 880
"F:/Jams/MegaJam/MegaJamProject/Content/StarterContent/Textures/T_TableRound_M.uasset" 881
"F:/Jams/MegaJam/MegaJamProject/Content/StarterContent/Textures/T_TableRound_M.ubulk" 882
"F:/Jams/MegaJam/MegaJamProject/Content/StarterContent/Textures/T_TableRound_M.uexp" 883
"F:/Jams/MegaJam/MegaJamProject/Content/StarterContent/Props/Materials/M_TableRound.uasset" 884
"F:/Jams/MegaJam/MegaJamProject/Content/StarterContent/Props/Materials/M_TableRound.uexp" 885
"F:/Jams/MegaJam/MegaJamProject/Content/StarterContent/Props/SM_TableRound.uasset" 886
"F:/Jams/MegaJam/MegaJamProject/Content/StarterContent/Props/SM_TableRound.ubulk" 887
"F:/Jams/MegaJam/MegaJamProject/Content/StarterContent/Props/SM_TableRound.uexp" 888
"F:/Jams/MegaJam/MegaJamProject/Content/MegaJam/Interactables/WorkshopDesk_BP.uasset" 889
"F:/Jams/MegaJam/MegaJamProject/Content/MegaJam/Interactables/WorkshopDesk_BP.uexp" 890
"../../../Engine/Content/BasicShapes/Cube.uasset" 891
"../../../Engine/Content/BasicShapes/Cube.ubulk" 892
"../../../Engine/Content/BasicShapes/Cube.uexp" 893
"../../../Engine/Content/BasicShapes/Plane.uasset" 894
"../../../Engine/Content/BasicShapes/Plane.ubulk" 895
"../../../Engine/Content/BasicShapes/Plane.uexp" 896
"F:/Jams/MegaJam/MegaJamProject/Content/MegaJam/Audio/SFX/DrillingSFX.uasset" 897
"F:/Jams/MegaJam/MegaJamProject/Content/MegaJam/Audio/SFX/DrillingSFX.ubulk" 898
"F:/Jams/MegaJam/MegaJamProject/Content/MegaJam/Audio/SFX/DrillingSFX.uexp" 899
"../../../Engine/Content/BasicShapes/BasicShapeMaterial.uasset" 900
"../../../Engine/Content/BasicShapes/BasicShapeMaterial.uexp" 901
"F:/Jams/MegaJam/MegaJamProject/Content/MegaJam/Models/Screw/Textures/lambert2_1001_AO.uasset" 902
"F:/Jams/MegaJam/MegaJamProject/Content/MegaJam/Models/Screw/Textures/lambert2_1001_AO.ubulk" 903
"F:/Jams/MegaJam/MegaJamProject/Content/MegaJam/Models/Screw/Textures/lambert2_1001_AO.uexp" 904
"F:/Jams/MegaJam/MegaJamProject/Content/MegaJam/Models/Screw/Textures/lambert2_1001_metallic.uasset" 905
"F:/Jams/MegaJam/MegaJamProject/Content/MegaJam/Models/Screw/Textures/lambert2_1001_metallic.ubulk" 906
"F:/Jams/MegaJam/MegaJamProject/Content/MegaJam/Models/Screw/Textures/lambert2_1001_metallic.uexp" 907
"F:/Jams/MegaJam/MegaJamProject/Content/MegaJam/Models/Screw/Textures/lambert2_1001_albedo.uasset" 908
"F:/Jams/MegaJam/MegaJamProject/Content/MegaJam/Models/Screw/Textures/lambert2_1001_albedo.ubulk" 909
"F:/Jams/MegaJam/MegaJamProject/Content/MegaJam/Models/Screw/Textures/lambert2_1001_albedo.uexp" 910
"F:/Jams/MegaJam/MegaJamProject/Content/MegaJam/Models/Screw/Textures/lambert2_1001_normal.uasset" 911
"F:/Jams/MegaJam/MegaJamProject/Content/MegaJam/Models/Screw/Textures/lambert2_1001_normal.ubulk" 912
"F:/Jams/MegaJam/MegaJamProject/Content/MegaJam/Models/Screw/Textures/lambert2_1001_normal.uexp" 913
"F:/Jams/MegaJam/MegaJamProject/Content/MegaJam/Models/Screw/Textures/lambert2_1001_roughness.uasset" 914
"F:/Jams/MegaJam/MegaJamProject/Content/MegaJam/Models/Screw/Textures/lambert2_1001_roughness.ubulk" 915
"F:/Jams/MegaJam/MegaJamProject/Content/MegaJam/Models/Screw/Textures/lambert2_1001_roughness.uexp" 916
"F:/Jams/MegaJam/MegaJamProject/Content/MegaJam/Models/Screw/lambert2_1001.uasset" 917
"F:/Jams/MegaJam/MegaJamProject/Content/MegaJam/Models/Screw/lambert2_1001.uexp" 918
"F:/Jams/MegaJam/MegaJamProject/Content/MegaJam/Models/Screw/ScrewModel.uasset" 919
"F:/Jams/MegaJam/MegaJamProject/Content/MegaJam/Models/Screw/ScrewModel.ubulk" 920
"F:/Jams/MegaJam/MegaJamProject/Content/MegaJam/Models/Screw/ScrewModel.uexp" 921
"F:/Jams/MegaJam/MegaJamProject/Content/StarterContent/Textures/T_Brick_Clay_New_D.uasset" 922
"F:/Jams/MegaJam/MegaJamProject/Content/StarterContent/Textures/T_Brick_Clay_New_D.ubulk" 923
"F:/Jams/MegaJam/MegaJamProject/Content/StarterContent/Textures/T_Brick_Clay_New_D.uexp" 924
"F:/Jams/MegaJam/MegaJamProject/Content/StarterContent/Textures/T_Brick_Clay_New_M.uasset" 925
"F:/Jams/MegaJam/MegaJamProject/Content/StarterContent/Textures/T_Brick_Clay_New_M.uexp" 926
"F:/Jams/MegaJam/MegaJamProject/Content/StarterContent/Textures/T_Detail_Rocky_N.uasset" 927
"F:/Jams/MegaJam/MegaJamProject/Content/StarterContent/Textures/T_Detail_Rocky_N.ubulk" 928
"F:/Jams/MegaJam/MegaJamProject/Content/StarterContent/Textures/T_Detail_Rocky_N.uexp" 929
"F:/Jams/MegaJam/MegaJamProject/Content/StarterContent/Textures/T_MacroVariation.uasset" 930
"F:/Jams/MegaJam/MegaJamProject/Content/StarterContent/Textures/T_MacroVariation.uexp" 931
"F:/Jams/MegaJam/MegaJamProject/Content/StarterContent/Textures/T_Brick_Clay_New_N.uasset" 932
"F:/Jams/MegaJam/MegaJamProject/Content/StarterContent/Textures/T_Brick_Clay_New_N.uexp" 933
"F:/Jams/MegaJam/MegaJamProject/Content/StarterContent/Materials/M_Brick_Clay_New.uasset" 934
"F:/Jams/MegaJam/MegaJamProject/Content/StarterContent/Materials/M_Brick_Clay_New.uexp" 935
"F:/Jams/MegaJam/MegaJamProject/Content/MegaJam/Interactables/StorageBox.uasset" 936
"F:/Jams/MegaJam/MegaJamProject/Content/MegaJam/Interactables/StorageBox.uexp" 937
"F:/Jams/MegaJam/MegaJamProject/Content/MegaJam/Mats/HighlightMaster_M.uasset" 938
"F:/Jams/MegaJam/MegaJamProject/Content/MegaJam/Mats/HighlightMaster_M.uexp" 939
"F:/Jams/MegaJam/MegaJamProject/Content/MegaJam/Mats/Highlight_M.uasset" 940
"F:/Jams/MegaJam/MegaJamProject/Content/MegaJam/Mats/Highlight_M.uexp" 941
"../../../Engine/Content/Maps/Templates/HLODs/HLODLayer_Instanced.uasset" 942
"../../../Engine/Content/Maps/Templates/HLODs/HLODLayer_Instanced.uexp" 943
"F:/Jams/MegaJam/MegaJamProject/Content/MegaJam/Gamemode/RepairShop_GM.uasset" 944
"F:/Jams/MegaJam/MegaJamProject/Content/MegaJam/Gamemode/RepairShop_GM.uexp" 945
"F:/Jams/MegaJam/MegaJamProject/Content/ThirdPerson/Maps/ThirdPersonMap.umap" 946
"F:/Jams/MegaJam/MegaJamProject/Content/ThirdPerson/Maps/ThirdPersonMap.uexp" 947
"../../../Engine/Content/Maps/Entry_BuiltData.uasset" 948
"../../../Engine/Content/Maps/Entry_BuiltData.uexp" 949
"../../../Engine/Content/Maps/Entry.umap" 950
"../../../Engine/Content/Maps/Entry.uexp" 951
